<?xml version="1.0" encoding="UTF-8"?>
<testsuites>
  <testsuite name="" tests="632" assertions="1443" errors="0" warnings="0" failures="0" skipped="0" time="0.888159">
    <testsuite name="unit" tests="632" assertions="1443" errors="0" warnings="0" failures="0" skipped="0" time="0.888159">
      <testsuite name="AddonsSystemTest" file="/home/josu/Local Sites/sitio-prueba/app/public/wp-content/plugins/flavor-platform/tests/unit/AddonsSystemTest.php" tests="22" assertions="36" errors="0" warnings="0" failures="0" skipped="0" time="0.018250">
        <testcase name="test_addon_structure" class="AddonsSystemTest" classname="AddonsSystemTest" file="/home/josu/Local Sites/sitio-prueba/app/public/wp-content/plugins/flavor-platform/tests/unit/AddonsSystemTest.php" line="14" assertions="3" time="0.007026"/>
        <testcase name="test_available_addons" class="AddonsSystemTest" classname="AddonsSystemTest" file="/home/josu/Local Sites/sitio-prueba/app/public/wp-content/plugins/flavor-platform/tests/unit/AddonsSystemTest.php" line="35" assertions="2" time="0.000767"/>
        <testcase name="test_addon_manifest" class="AddonsSystemTest" classname="AddonsSystemTest" file="/home/josu/Local Sites/sitio-prueba/app/public/wp-content/plugins/flavor-platform/tests/unit/AddonsSystemTest.php" line="52" assertions="2" time="0.000903"/>
        <testcase name="test_addon_states" class="AddonsSystemTest" classname="AddonsSystemTest" file="/home/josu/Local Sites/sitio-prueba/app/public/wp-content/plugins/flavor-platform/tests/unit/AddonsSystemTest.php" line="82" assertions="2" time="0.000396"/>
        <testcase name="test_dependency_check" class="AddonsSystemTest" classname="AddonsSystemTest" file="/home/josu/Local Sites/sitio-prueba/app/public/wp-content/plugins/flavor-platform/tests/unit/AddonsSystemTest.php" line="98" assertions="3" time="0.000389"/>
        <testcase name="test_addon_hooks" class="AddonsSystemTest" classname="AddonsSystemTest" file="/home/josu/Local Sites/sitio-prueba/app/public/wp-content/plugins/flavor-platform/tests/unit/AddonsSystemTest.php" line="138" assertions="1" time="0.000370"/>
        <testcase name="test_addon_registration" class="AddonsSystemTest" classname="AddonsSystemTest" file="/home/josu/Local Sites/sitio-prueba/app/public/wp-content/plugins/flavor-platform/tests/unit/AddonsSystemTest.php" line="154" assertions="2" time="0.000373"/>
        <testcase name="test_addon_settings" class="AddonsSystemTest" classname="AddonsSystemTest" file="/home/josu/Local Sites/sitio-prueba/app/public/wp-content/plugins/flavor-platform/tests/unit/AddonsSystemTest.php" line="171" assertions="2" time="0.000387"/>
        <testcase name="test_addon_update_info" class="AddonsSystemTest" classname="AddonsSystemTest" file="/home/josu/Local Sites/sitio-prueba/app/public/wp-content/plugins/flavor-platform/tests/unit/AddonsSystemTest.php" line="190" assertions="1" time="0.000379"/>
        <testcase name="test_addon_license" class="AddonsSystemTest" classname="AddonsSystemTest" file="/home/josu/Local Sites/sitio-prueba/app/public/wp-content/plugins/flavor-platform/tests/unit/AddonsSystemTest.php" line="217" assertions="2" time="0.000708"/>
        <testcase name="test_addon_api" class="AddonsSystemTest" classname="AddonsSystemTest" file="/home/josu/Local Sites/sitio-prueba/app/public/wp-content/plugins/flavor-platform/tests/unit/AddonsSystemTest.php" line="234" assertions="1" time="0.000387"/>
        <testcase name="test_addon_loading_order" class="AddonsSystemTest" classname="AddonsSystemTest" file="/home/josu/Local Sites/sitio-prueba/app/public/wp-content/plugins/flavor-platform/tests/unit/AddonsSystemTest.php" line="251" assertions="1" time="0.000391"/>
        <testcase name="test_addon_conflicts" class="AddonsSystemTest" classname="AddonsSystemTest" file="/home/josu/Local Sites/sitio-prueba/app/public/wp-content/plugins/flavor-platform/tests/unit/AddonsSystemTest.php" line="269" assertions="1" time="0.000375"/>
        <testcase name="test_addon_permissions" class="AddonsSystemTest" classname="AddonsSystemTest" file="/home/josu/Local Sites/sitio-prueba/app/public/wp-content/plugins/flavor-platform/tests/unit/AddonsSystemTest.php" line="284" assertions="1" time="0.000367"/>
        <testcase name="test_addon_assets" class="AddonsSystemTest" classname="AddonsSystemTest" file="/home/josu/Local Sites/sitio-prueba/app/public/wp-content/plugins/flavor-platform/tests/unit/AddonsSystemTest.php" line="300" assertions="2" time="0.000382"/>
        <testcase name="test_addon_data_migration" class="AddonsSystemTest" classname="AddonsSystemTest" file="/home/josu/Local Sites/sitio-prueba/app/public/wp-content/plugins/flavor-platform/tests/unit/AddonsSystemTest.php" line="322" assertions="1" time="0.000380"/>
        <testcase name="test_addon_uninstall_cleanup" class="AddonsSystemTest" classname="AddonsSystemTest" file="/home/josu/Local Sites/sitio-prueba/app/public/wp-content/plugins/flavor-platform/tests/unit/AddonsSystemTest.php" line="340" assertions="2" time="0.000389"/>
        <testcase name="test_addon_telemetry" class="AddonsSystemTest" classname="AddonsSystemTest" file="/home/josu/Local Sites/sitio-prueba/app/public/wp-content/plugins/flavor-platform/tests/unit/AddonsSystemTest.php" line="363" assertions="2" time="0.001575"/>
        <testcase name="test_addon_provided_modules" class="AddonsSystemTest" classname="AddonsSystemTest" file="/home/josu/Local Sites/sitio-prueba/app/public/wp-content/plugins/flavor-platform/tests/unit/AddonsSystemTest.php" line="385" assertions="1" time="0.000638"/>
        <testcase name="test_addon_templates" class="AddonsSystemTest" classname="AddonsSystemTest" file="/home/josu/Local Sites/sitio-prueba/app/public/wp-content/plugins/flavor-platform/tests/unit/AddonsSystemTest.php" line="413" assertions="2" time="0.000552"/>
        <testcase name="test_addon_rest_api" class="AddonsSystemTest" classname="AddonsSystemTest" file="/home/josu/Local Sites/sitio-prueba/app/public/wp-content/plugins/flavor-platform/tests/unit/AddonsSystemTest.php" line="433" assertions="1" time="0.000531"/>
        <testcase name="test_addon_compatibility_matrix" class="AddonsSystemTest" classname="AddonsSystemTest" file="/home/josu/Local Sites/sitio-prueba/app/public/wp-content/plugins/flavor-platform/tests/unit/AddonsSystemTest.php" line="450" assertions="1" time="0.000584"/>
      </testsuite>
      <testsuite name="ApiKeyEncryptionTest" file="/home/josu/Local Sites/sitio-prueba/app/public/wp-content/plugins/flavor-platform/tests/unit/ApiKeyEncryptionTest.php" tests="10" assertions="15" errors="0" warnings="0" failures="0" skipped="0" time="0.008639">
        <testcase name="test_singleton_returns_same_instance" class="ApiKeyEncryptionTest" classname="ApiKeyEncryptionTest" file="/home/josu/Local Sites/sitio-prueba/app/public/wp-content/plugins/flavor-platform/tests/unit/ApiKeyEncryptionTest.php" line="33" assertions="1" time="0.001866"/>
        <testcase name="test_encrypt_returns_prefixed_string" class="ApiKeyEncryptionTest" classname="ApiKeyEncryptionTest" file="/home/josu/Local Sites/sitio-prueba/app/public/wp-content/plugins/flavor-platform/tests/unit/ApiKeyEncryptionTest.php" line="40" assertions="1" time="0.001481"/>
        <testcase name="test_decrypt_returns_original_value" class="ApiKeyEncryptionTest" classname="ApiKeyEncryptionTest" file="/home/josu/Local Sites/sitio-prueba/app/public/wp-content/plugins/flavor-platform/tests/unit/ApiKeyEncryptionTest.php" line="48" assertions="1" time="0.000559"/>
        <testcase name="test_decrypt_unencrypted_returns_original" class="ApiKeyEncryptionTest" classname="ApiKeyEncryptionTest" file="/home/josu/Local Sites/sitio-prueba/app/public/wp-content/plugins/flavor-platform/tests/unit/ApiKeyEncryptionTest.php" line="57" assertions="1" time="0.000391"/>
        <testcase name="test_encrypt_empty_string_returns_empty" class="ApiKeyEncryptionTest" classname="ApiKeyEncryptionTest" file="/home/josu/Local Sites/sitio-prueba/app/public/wp-content/plugins/flavor-platform/tests/unit/ApiKeyEncryptionTest.php" line="65" assertions="1" time="0.000384"/>
        <testcase name="test_encrypt_different_keys_produce_different_ciphertext" class="ApiKeyEncryptionTest" classname="ApiKeyEncryptionTest" file="/home/josu/Local Sites/sitio-prueba/app/public/wp-content/plugins/flavor-platform/tests/unit/ApiKeyEncryptionTest.php" line="71" assertions="1" time="0.001215"/>
        <testcase name="test_same_key_encrypts_to_different_values" class="ApiKeyEncryptionTest" classname="ApiKeyEncryptionTest" file="/home/josu/Local Sites/sitio-prueba/app/public/wp-content/plugins/flavor-platform/tests/unit/ApiKeyEncryptionTest.php" line="81" assertions="3" time="0.000851"/>
        <testcase name="test_mask_key_hides_middle_characters" class="ApiKeyEncryptionTest" classname="ApiKeyEncryptionTest" file="/home/josu/Local Sites/sitio-prueba/app/public/wp-content/plugins/flavor-platform/tests/unit/ApiKeyEncryptionTest.php" line="96" assertions="3" time="0.000890"/>
        <testcase name="test_mask_short_key_returns_asterisks" class="ApiKeyEncryptionTest" classname="ApiKeyEncryptionTest" file="/home/josu/Local Sites/sitio-prueba/app/public/wp-content/plugins/flavor-platform/tests/unit/ApiKeyEncryptionTest.php" line="106" assertions="1" time="0.000424"/>
        <testcase name="test_is_encrypted_detects_encrypted_values" class="ApiKeyEncryptionTest" classname="ApiKeyEncryptionTest" file="/home/josu/Local Sites/sitio-prueba/app/public/wp-content/plugins/flavor-platform/tests/unit/ApiKeyEncryptionTest.php" line="114" assertions="2" time="0.000577"/>
      </testsuite>
      <testsuite name="ChatSystemTest" file="/home/josu/Local Sites/sitio-prueba/app/public/wp-content/plugins/flavor-platform/tests/unit/ChatSystemTest.php" tests="32" assertions="62" errors="0" warnings="0" failures="0" skipped="0" time="0.013182">
        <testcase name="test_conversation_structure" class="ChatSystemTest" classname="ChatSystemTest" file="/home/josu/Local Sites/sitio-prueba/app/public/wp-content/plugins/flavor-platform/tests/unit/ChatSystemTest.php" line="14" assertions="3" time="0.000447"/>
        <testcase name="test_conversation_types" class="ChatSystemTest" classname="ChatSystemTest" file="/home/josu/Local Sites/sitio-prueba/app/public/wp-content/plugins/flavor-platform/tests/unit/ChatSystemTest.php" line="34" assertions="2" time="0.000406"/>
        <testcase name="test_message_structure" class="ChatSystemTest" classname="ChatSystemTest" file="/home/josu/Local Sites/sitio-prueba/app/public/wp-content/plugins/flavor-platform/tests/unit/ChatSystemTest.php" line="49" assertions="3" time="0.000419"/>
        <testcase name="test_message_types" class="ChatSystemTest" classname="ChatSystemTest" file="/home/josu/Local Sites/sitio-prueba/app/public/wp-content/plugins/flavor-platform/tests/unit/ChatSystemTest.php" line="70" assertions="2" time="0.000444"/>
        <testcase name="test_message_statuses" class="ChatSystemTest" classname="ChatSystemTest" file="/home/josu/Local Sites/sitio-prueba/app/public/wp-content/plugins/flavor-platform/tests/unit/ChatSystemTest.php" line="88" assertions="2" time="0.000394"/>
        <testcase name="test_group_conversation" class="ChatSystemTest" classname="ChatSystemTest" file="/home/josu/Local Sites/sitio-prueba/app/public/wp-content/plugins/flavor-platform/tests/unit/ChatSystemTest.php" line="104" assertions="3" time="0.000388"/>
        <testcase name="test_message_with_attachment" class="ChatSystemTest" classname="ChatSystemTest" file="/home/josu/Local Sites/sitio-prueba/app/public/wp-content/plugins/flavor-platform/tests/unit/ChatSystemTest.php" line="129" assertions="2" time="0.000369"/>
        <testcase name="test_message_with_image" class="ChatSystemTest" classname="ChatSystemTest" file="/home/josu/Local Sites/sitio-prueba/app/public/wp-content/plugins/flavor-platform/tests/unit/ChatSystemTest.php" line="154" assertions="2" time="0.000507"/>
        <testcase name="test_reply_to_message" class="ChatSystemTest" classname="ChatSystemTest" file="/home/josu/Local Sites/sitio-prueba/app/public/wp-content/plugins/flavor-platform/tests/unit/ChatSystemTest.php" line="176" assertions="2" time="0.000392"/>
        <testcase name="test_message_reaction" class="ChatSystemTest" classname="ChatSystemTest" file="/home/josu/Local Sites/sitio-prueba/app/public/wp-content/plugins/flavor-platform/tests/unit/ChatSystemTest.php" line="197" assertions="2" time="0.000390"/>
        <testcase name="test_chat_mentions" class="ChatSystemTest" classname="ChatSystemTest" file="/home/josu/Local Sites/sitio-prueba/app/public/wp-content/plugins/flavor-platform/tests/unit/ChatSystemTest.php" line="221" assertions="2" time="0.000390"/>
        <testcase name="test_typing_indicator" class="ChatSystemTest" classname="ChatSystemTest" file="/home/josu/Local Sites/sitio-prueba/app/public/wp-content/plugins/flavor-platform/tests/unit/ChatSystemTest.php" line="237" assertions="2" time="0.000390"/>
        <testcase name="test_user_presence" class="ChatSystemTest" classname="ChatSystemTest" file="/home/josu/Local Sites/sitio-prueba/app/public/wp-content/plugins/flavor-platform/tests/unit/ChatSystemTest.php" line="252" assertions="1" time="0.000377"/>
        <testcase name="test_mute_conversation" class="ChatSystemTest" classname="ChatSystemTest" file="/home/josu/Local Sites/sitio-prueba/app/public/wp-content/plugins/flavor-platform/tests/unit/ChatSystemTest.php" line="268" assertions="2" time="0.000382"/>
        <testcase name="test_archive_conversation" class="ChatSystemTest" classname="ChatSystemTest" file="/home/josu/Local Sites/sitio-prueba/app/public/wp-content/plugins/flavor-platform/tests/unit/ChatSystemTest.php" line="284" assertions="1" time="0.000367"/>
        <testcase name="test_delete_message" class="ChatSystemTest" classname="ChatSystemTest" file="/home/josu/Local Sites/sitio-prueba/app/public/wp-content/plugins/flavor-platform/tests/unit/ChatSystemTest.php" line="298" assertions="2" time="0.000393"/>
        <testcase name="test_edit_message" class="ChatSystemTest" classname="ChatSystemTest" file="/home/josu/Local Sites/sitio-prueba/app/public/wp-content/plugins/flavor-platform/tests/unit/ChatSystemTest.php" line="316" assertions="2" time="0.000447"/>
        <testcase name="test_search_messages" class="ChatSystemTest" classname="ChatSystemTest" file="/home/josu/Local Sites/sitio-prueba/app/public/wp-content/plugins/flavor-platform/tests/unit/ChatSystemTest.php" line="332" assertions="1" time="0.000397"/>
        <testcase name="test_chat_notifications" class="ChatSystemTest" classname="ChatSystemTest" file="/home/josu/Local Sites/sitio-prueba/app/public/wp-content/plugins/flavor-platform/tests/unit/ChatSystemTest.php" line="354" assertions="2" time="0.000374"/>
        <testcase name="test_block_user_chat" class="ChatSystemTest" classname="ChatSystemTest" file="/home/josu/Local Sites/sitio-prueba/app/public/wp-content/plugins/flavor-platform/tests/unit/ChatSystemTest.php" line="371" assertions="1" time="0.000365"/>
        <testcase name="test_chat_channel" class="ChatSystemTest" classname="ChatSystemTest" file="/home/josu/Local Sites/sitio-prueba/app/public/wp-content/plugins/flavor-platform/tests/unit/ChatSystemTest.php" line="385" assertions="2" time="0.000392"/>
        <testcase name="test_export_conversation" class="ChatSystemTest" classname="ChatSystemTest" file="/home/josu/Local Sites/sitio-prueba/app/public/wp-content/plugins/flavor-platform/tests/unit/ChatSystemTest.php" line="408" assertions="2" time="0.000379"/>
        <testcase name="test_system_message" class="ChatSystemTest" classname="ChatSystemTest" file="/home/josu/Local Sites/sitio-prueba/app/public/wp-content/plugins/flavor-platform/tests/unit/ChatSystemTest.php" line="425" assertions="2" time="0.000601"/>
        <testcase name="test_system_events" class="ChatSystemTest" classname="ChatSystemTest" file="/home/josu/Local Sites/sitio-prueba/app/public/wp-content/plugins/flavor-platform/tests/unit/ChatSystemTest.php" line="443" assertions="2" time="0.000416"/>
        <testcase name="test_chat_limits" class="ChatSystemTest" classname="ChatSystemTest" file="/home/josu/Local Sites/sitio-prueba/app/public/wp-content/plugins/flavor-platform/tests/unit/ChatSystemTest.php" line="461" assertions="2" time="0.000414"/>
        <testcase name="test_group_permissions" class="ChatSystemTest" classname="ChatSystemTest" file="/home/josu/Local Sites/sitio-prueba/app/public/wp-content/plugins/flavor-platform/tests/unit/ChatSystemTest.php" line="478" assertions="2" time="0.000416"/>
        <testcase name="test_pinned_message" class="ChatSystemTest" classname="ChatSystemTest" file="/home/josu/Local Sites/sitio-prueba/app/public/wp-content/plugins/flavor-platform/tests/unit/ChatSystemTest.php" line="496" assertions="2" time="0.000399"/>
        <testcase name="test_chat_statistics" class="ChatSystemTest" classname="ChatSystemTest" file="/home/josu/Local Sites/sitio-prueba/app/public/wp-content/plugins/flavor-platform/tests/unit/ChatSystemTest.php" line="517" assertions="1" time="0.000616"/>
        <testcase name="test_message_encryption" class="ChatSystemTest" classname="ChatSystemTest" file="/home/josu/Local Sites/sitio-prueba/app/public/wp-content/plugins/flavor-platform/tests/unit/ChatSystemTest.php" line="533" assertions="2" time="0.000381"/>
        <testcase name="test_voice_message" class="ChatSystemTest" classname="ChatSystemTest" file="/home/josu/Local Sites/sitio-prueba/app/public/wp-content/plugins/flavor-platform/tests/unit/ChatSystemTest.php" line="548" assertions="2" time="0.000374"/>
        <testcase name="test_location_message" class="ChatSystemTest" classname="ChatSystemTest" file="/home/josu/Local Sites/sitio-prueba/app/public/wp-content/plugins/flavor-platform/tests/unit/ChatSystemTest.php" line="567" assertions="2" time="0.000379"/>
        <testcase name="test_link_preview" class="ChatSystemTest" classname="ChatSystemTest" file="/home/josu/Local Sites/sitio-prueba/app/public/wp-content/plugins/flavor-platform/tests/unit/ChatSystemTest.php" line="586" assertions="2" time="0.000376"/>
      </testsuite>
      <testsuite name="CoreTest" file="/home/josu/Local Sites/sitio-prueba/app/public/wp-content/plugins/flavor-platform/tests/unit/CoreTest.php" tests="17" assertions="77" errors="0" warnings="0" failures="0" skipped="0" time="0.009867">
        <testcase name="test_plugin_constants_are_defined" class="CoreTest" classname="CoreTest" file="/home/josu/Local Sites/sitio-prueba/app/public/wp-content/plugins/flavor-platform/tests/unit/CoreTest.php" line="21" assertions="8" time="0.000859"/>
        <testcase name="test_default_settings_structure" class="CoreTest" classname="CoreTest" file="/home/josu/Local Sites/sitio-prueba/app/public/wp-content/plugins/flavor-platform/tests/unit/CoreTest.php" line="60" assertions="4" time="0.000409"/>
        <testcase name="test_supported_ai_providers" class="CoreTest" classname="CoreTest" file="/home/josu/Local Sites/sitio-prueba/app/public/wp-content/plugins/flavor-platform/tests/unit/CoreTest.php" line="90" assertions="5" time="0.000413"/>
        <testcase name="test_provider_name_validation" class="CoreTest" classname="CoreTest" file="/home/josu/Local Sites/sitio-prueba/app/public/wp-content/plugins/flavor-platform/tests/unit/CoreTest.php" line="103" assertions="9" time="0.000439"/>
        <testcase name="test_version_format" class="CoreTest" classname="CoreTest" file="/home/josu/Local Sites/sitio-prueba/app/public/wp-content/plugins/flavor-platform/tests/unit/CoreTest.php" line="119" assertions="1" time="0.000415"/>
        <testcase name="test_log_levels" class="CoreTest" classname="CoreTest" file="/home/josu/Local Sites/sitio-prueba/app/public/wp-content/plugins/flavor-platform/tests/unit/CoreTest.php" line="133" assertions="7" time="0.000715"/>
        <testcase name="test_user_capabilities" class="CoreTest" classname="CoreTest" file="/home/josu/Local Sites/sitio-prueba/app/public/wp-content/plugins/flavor-platform/tests/unit/CoreTest.php" line="155" assertions="8" time="0.001073"/>
        <testcase name="test_activation_hooks_structure" class="CoreTest" classname="CoreTest" file="/home/josu/Local Sites/sitio-prueba/app/public/wp-content/plugins/flavor-platform/tests/unit/CoreTest.php" line="172" assertions="4" time="0.000408"/>
        <testcase name="test_active_modules_validation" class="CoreTest" classname="CoreTest" file="/home/josu/Local Sites/sitio-prueba/app/public/wp-content/plugins/flavor-platform/tests/unit/CoreTest.php" line="196" assertions="3" time="0.000390"/>
        <testcase name="test_error_response_structure" class="CoreTest" classname="CoreTest" file="/home/josu/Local Sites/sitio-prueba/app/public/wp-content/plugins/flavor-platform/tests/unit/CoreTest.php" line="209" assertions="4" time="0.000397"/>
        <testcase name="test_success_response_structure" class="CoreTest" classname="CoreTest" file="/home/josu/Local Sites/sitio-prueba/app/public/wp-content/plugins/flavor-platform/tests/unit/CoreTest.php" line="225" assertions="3" time="0.000417"/>
        <testcase name="test_permission_contexts" class="CoreTest" classname="CoreTest" file="/home/josu/Local Sites/sitio-prueba/app/public/wp-content/plugins/flavor-platform/tests/unit/CoreTest.php" line="239" assertions="4" time="0.000475"/>
        <testcase name="test_chat_widget_config" class="CoreTest" classname="CoreTest" file="/home/josu/Local Sites/sitio-prueba/app/public/wp-content/plugins/flavor-platform/tests/unit/CoreTest.php" line="256" assertions="5" time="0.000587"/>
        <testcase name="test_chat_session_id_format" class="CoreTest" classname="CoreTest" file="/home/josu/Local Sites/sitio-prueba/app/public/wp-content/plugins/flavor-platform/tests/unit/CoreTest.php" line="276" assertions="1" time="0.000422"/>
        <testcase name="test_singleton_pattern_structure" class="CoreTest" classname="CoreTest" file="/home/josu/Local Sites/sitio-prueba/app/public/wp-content/plugins/flavor-platform/tests/unit/CoreTest.php" line="287" assertions="3" time="0.000385"/>
        <testcase name="test_max_tokens_validation" class="CoreTest" classname="CoreTest" file="/home/josu/Local Sites/sitio-prueba/app/public/wp-content/plugins/flavor-platform/tests/unit/CoreTest.php" line="303" assertions="4" time="0.001525"/>
        <testcase name="test_escalation_config_structure" class="CoreTest" classname="CoreTest" file="/home/josu/Local Sites/sitio-prueba/app/public/wp-content/plugins/flavor-platform/tests/unit/CoreTest.php" line="315" assertions="4" time="0.000538"/>
      </testsuite>
      <testsuite name="CronSystemTest" file="/home/josu/Local Sites/sitio-prueba/app/public/wp-content/plugins/flavor-platform/tests/unit/CronSystemTest.php" tests="28" assertions="43" errors="0" warnings="0" failures="0" skipped="0" time="0.011794">
        <testcase name="test_scheduled_task_structure" class="CronSystemTest" classname="CronSystemTest" file="/home/josu/Local Sites/sitio-prueba/app/public/wp-content/plugins/flavor-platform/tests/unit/CronSystemTest.php" line="14" assertions="2" time="0.000424"/>
        <testcase name="test_schedule_intervals" class="CronSystemTest" classname="CronSystemTest" file="/home/josu/Local Sites/sitio-prueba/app/public/wp-content/plugins/flavor-platform/tests/unit/CronSystemTest.php" line="33" assertions="2" time="0.000403"/>
        <testcase name="test_system_tasks" class="CronSystemTest" classname="CronSystemTest" file="/home/josu/Local Sites/sitio-prueba/app/public/wp-content/plugins/flavor-platform/tests/unit/CronSystemTest.php" line="51" assertions="2" time="0.000445"/>
        <testcase name="test_job_queue" class="CronSystemTest" classname="CronSystemTest" file="/home/josu/Local Sites/sitio-prueba/app/public/wp-content/plugins/flavor-platform/tests/unit/CronSystemTest.php" line="82" assertions="1" time="0.000440"/>
        <testcase name="test_queued_job" class="CronSystemTest" classname="CronSystemTest" file="/home/josu/Local Sites/sitio-prueba/app/public/wp-content/plugins/flavor-platform/tests/unit/CronSystemTest.php" line="98" assertions="2" time="0.000435"/>
        <testcase name="test_job_priorities" class="CronSystemTest" classname="CronSystemTest" file="/home/josu/Local Sites/sitio-prueba/app/public/wp-content/plugins/flavor-platform/tests/unit/CronSystemTest.php" line="123" assertions="1" time="0.000471"/>
        <testcase name="test_task_execution" class="CronSystemTest" classname="CronSystemTest" file="/home/josu/Local Sites/sitio-prueba/app/public/wp-content/plugins/flavor-platform/tests/unit/CronSystemTest.php" line="136" assertions="2" time="0.000438"/>
        <testcase name="test_failed_task" class="CronSystemTest" classname="CronSystemTest" file="/home/josu/Local Sites/sitio-prueba/app/public/wp-content/plugins/flavor-platform/tests/unit/CronSystemTest.php" line="154" assertions="2" time="0.000423"/>
        <testcase name="test_task_retry_config" class="CronSystemTest" classname="CronSystemTest" file="/home/josu/Local Sites/sitio-prueba/app/public/wp-content/plugins/flavor-platform/tests/unit/CronSystemTest.php" line="174" assertions="2" time="0.000401"/>
        <testcase name="test_execution_history" class="CronSystemTest" classname="CronSystemTest" file="/home/josu/Local Sites/sitio-prueba/app/public/wp-content/plugins/flavor-platform/tests/unit/CronSystemTest.php" line="193" assertions="2" time="0.000405"/>
        <testcase name="test_task_locking" class="CronSystemTest" classname="CronSystemTest" file="/home/josu/Local Sites/sitio-prueba/app/public/wp-content/plugins/flavor-platform/tests/unit/CronSystemTest.php" line="213" assertions="2" time="0.000430"/>
        <testcase name="test_delayed_task" class="CronSystemTest" classname="CronSystemTest" file="/home/josu/Local Sites/sitio-prueba/app/public/wp-content/plugins/flavor-platform/tests/unit/CronSystemTest.php" line="229" assertions="1" time="0.000472"/>
        <testcase name="test_recurring_tasks" class="CronSystemTest" classname="CronSystemTest" file="/home/josu/Local Sites/sitio-prueba/app/public/wp-content/plugins/flavor-platform/tests/unit/CronSystemTest.php" line="245" assertions="2" time="0.000424"/>
        <testcase name="test_queue_workers" class="CronSystemTest" classname="CronSystemTest" file="/home/josu/Local Sites/sitio-prueba/app/public/wp-content/plugins/flavor-platform/tests/unit/CronSystemTest.php" line="262" assertions="1" time="0.000421"/>
        <testcase name="test_queue_configuration" class="CronSystemTest" classname="CronSystemTest" file="/home/josu/Local Sites/sitio-prueba/app/public/wp-content/plugins/flavor-platform/tests/unit/CronSystemTest.php" line="289" assertions="1" time="0.000424"/>
        <testcase name="test_failed_jobs" class="CronSystemTest" classname="CronSystemTest" file="/home/josu/Local Sites/sitio-prueba/app/public/wp-content/plugins/flavor-platform/tests/unit/CronSystemTest.php" line="306" assertions="2" time="0.000414"/>
        <testcase name="test_queue_monitoring" class="CronSystemTest" classname="CronSystemTest" file="/home/josu/Local Sites/sitio-prueba/app/public/wp-content/plugins/flavor-platform/tests/unit/CronSystemTest.php" line="324" assertions="1" time="0.000391"/>
        <testcase name="test_queue_alerts" class="CronSystemTest" classname="CronSystemTest" file="/home/josu/Local Sites/sitio-prueba/app/public/wp-content/plugins/flavor-platform/tests/unit/CronSystemTest.php" line="340" assertions="2" time="0.000405"/>
        <testcase name="test_job_chain" class="CronSystemTest" classname="CronSystemTest" file="/home/josu/Local Sites/sitio-prueba/app/public/wp-content/plugins/flavor-platform/tests/unit/CronSystemTest.php" line="355" assertions="1" time="0.000575"/>
        <testcase name="test_job_batch" class="CronSystemTest" classname="CronSystemTest" file="/home/josu/Local Sites/sitio-prueba/app/public/wp-content/plugins/flavor-platform/tests/unit/CronSystemTest.php" line="375" assertions="2" time="0.000420"/>
        <testcase name="test_task_events" class="CronSystemTest" classname="CronSystemTest" file="/home/josu/Local Sites/sitio-prueba/app/public/wp-content/plugins/flavor-platform/tests/unit/CronSystemTest.php" line="395" assertions="1" time="0.000402"/>
        <testcase name="test_task_rate_limiting" class="CronSystemTest" classname="CronSystemTest" file="/home/josu/Local Sites/sitio-prueba/app/public/wp-content/plugins/flavor-platform/tests/unit/CronSystemTest.php" line="410" assertions="2" time="0.000398"/>
        <testcase name="test_scheduled_maintenance" class="CronSystemTest" classname="CronSystemTest" file="/home/josu/Local Sites/sitio-prueba/app/public/wp-content/plugins/flavor-platform/tests/unit/CronSystemTest.php" line="427" assertions="1" time="0.000384"/>
        <testcase name="test_job_cleanup" class="CronSystemTest" classname="CronSystemTest" file="/home/josu/Local Sites/sitio-prueba/app/public/wp-content/plugins/flavor-platform/tests/unit/CronSystemTest.php" line="443" assertions="1" time="0.000390"/>
        <testcase name="test_sync_task" class="CronSystemTest" classname="CronSystemTest" file="/home/josu/Local Sites/sitio-prueba/app/public/wp-content/plugins/flavor-platform/tests/unit/CronSystemTest.php" line="458" assertions="1" time="0.000397"/>
        <testcase name="test_unique_task" class="CronSystemTest" classname="CronSystemTest" file="/home/josu/Local Sites/sitio-prueba/app/public/wp-content/plugins/flavor-platform/tests/unit/CronSystemTest.php" line="477" assertions="2" time="0.000370"/>
        <testcase name="test_task_timeout" class="CronSystemTest" classname="CronSystemTest" file="/home/josu/Local Sites/sitio-prueba/app/public/wp-content/plugins/flavor-platform/tests/unit/CronSystemTest.php" line="493" assertions="1" time="0.000442"/>
        <testcase name="test_task_memory" class="CronSystemTest" classname="CronSystemTest" file="/home/josu/Local Sites/sitio-prueba/app/public/wp-content/plugins/flavor-platform/tests/unit/CronSystemTest.php" line="510" assertions="1" time="0.000347"/>
      </testsuite>
      <testsuite name="EnginesTest" file="/home/josu/Local Sites/sitio-prueba/app/public/wp-content/plugins/flavor-platform/tests/unit/EnginesTest.php" tests="25" assertions="79" errors="0" warnings="0" failures="0" skipped="0" time="0.010791">
        <testcase name="test_engine_interface_get_id" class="EnginesTest" classname="EnginesTest" file="/home/josu/Local Sites/sitio-prueba/app/public/wp-content/plugins/flavor-platform/tests/unit/EnginesTest.php" line="129" assertions="1" time="0.000384"/>
        <testcase name="test_engine_interface_get_name" class="EnginesTest" classname="EnginesTest" file="/home/josu/Local Sites/sitio-prueba/app/public/wp-content/plugins/flavor-platform/tests/unit/EnginesTest.php" line="136" assertions="1" time="0.000372"/>
        <testcase name="test_engine_interface_get_description" class="EnginesTest" classname="EnginesTest" file="/home/josu/Local Sites/sitio-prueba/app/public/wp-content/plugins/flavor-platform/tests/unit/EnginesTest.php" line="143" assertions="2" time="0.000524"/>
        <testcase name="test_engine_interface_is_configured" class="EnginesTest" classname="EnginesTest" file="/home/josu/Local Sites/sitio-prueba/app/public/wp-content/plugins/flavor-platform/tests/unit/EnginesTest.php" line="151" assertions="2" time="0.000437"/>
        <testcase name="test_engine_interface_supports_tools" class="EnginesTest" classname="EnginesTest" file="/home/josu/Local Sites/sitio-prueba/app/public/wp-content/plugins/flavor-platform/tests/unit/EnginesTest.php" line="161" assertions="2" time="0.000412"/>
        <testcase name="test_engine_available_models" class="EnginesTest" classname="EnginesTest" file="/home/josu/Local Sites/sitio-prueba/app/public/wp-content/plugins/flavor-platform/tests/unit/EnginesTest.php" line="171" assertions="4" time="0.000449"/>
        <testcase name="test_send_message_success" class="EnginesTest" classname="EnginesTest" file="/home/josu/Local Sites/sitio-prueba/app/public/wp-content/plugins/flavor-platform/tests/unit/EnginesTest.php" line="183" assertions="5" time="0.000431"/>
        <testcase name="test_send_message_stream" class="EnginesTest" classname="EnginesTest" file="/home/josu/Local Sites/sitio-prueba/app/public/wp-content/plugins/flavor-platform/tests/unit/EnginesTest.php" line="201" assertions="3" time="0.000422"/>
        <testcase name="test_verify_api_key_valid" class="EnginesTest" classname="EnginesTest" file="/home/josu/Local Sites/sitio-prueba/app/public/wp-content/plugins/flavor-platform/tests/unit/EnginesTest.php" line="222" assertions="3" time="0.000405"/>
        <testcase name="test_verify_api_key_empty" class="EnginesTest" classname="EnginesTest" file="/home/josu/Local Sites/sitio-prueba/app/public/wp-content/plugins/flavor-platform/tests/unit/EnginesTest.php" line="235" assertions="2" time="0.000408"/>
        <testcase name="test_verify_api_key_too_short" class="EnginesTest" classname="EnginesTest" file="/home/josu/Local Sites/sitio-prueba/app/public/wp-content/plugins/flavor-platform/tests/unit/EnginesTest.php" line="245" assertions="2" time="0.000398"/>
        <testcase name="test_engine_settings_fields" class="EnginesTest" classname="EnginesTest" file="/home/josu/Local Sites/sitio-prueba/app/public/wp-content/plugins/flavor-platform/tests/unit/EnginesTest.php" line="255" assertions="8" time="0.000500"/>
        <testcase name="test_api_error_response_structure" class="EnginesTest" classname="EnginesTest" file="/home/josu/Local Sites/sitio-prueba/app/public/wp-content/plugins/flavor-platform/tests/unit/EnginesTest.php" line="272" assertions="4" time="0.000449"/>
        <testcase name="test_message_format" class="EnginesTest" classname="EnginesTest" file="/home/josu/Local Sites/sitio-prueba/app/public/wp-content/plugins/flavor-platform/tests/unit/EnginesTest.php" line="289" assertions="6" time="0.000453"/>
        <testcase name="test_claude_engine_config" class="EnginesTest" classname="EnginesTest" file="/home/josu/Local Sites/sitio-prueba/app/public/wp-content/plugins/flavor-platform/tests/unit/EnginesTest.php" line="305" assertions="3" time="0.000409"/>
        <testcase name="test_openai_engine_config" class="EnginesTest" classname="EnginesTest" file="/home/josu/Local Sites/sitio-prueba/app/public/wp-content/plugins/flavor-platform/tests/unit/EnginesTest.php" line="325" assertions="2" time="0.000384"/>
        <testcase name="test_deepseek_engine_config" class="EnginesTest" classname="EnginesTest" file="/home/josu/Local Sites/sitio-prueba/app/public/wp-content/plugins/flavor-platform/tests/unit/EnginesTest.php" line="344" assertions="2" time="0.000383"/>
        <testcase name="test_mistral_engine_config" class="EnginesTest" classname="EnginesTest" file="/home/josu/Local Sites/sitio-prueba/app/public/wp-content/plugins/flavor-platform/tests/unit/EnginesTest.php" line="362" assertions="2" time="0.000390"/>
        <testcase name="test_engine_contexts" class="EnginesTest" classname="EnginesTest" file="/home/josu/Local Sites/sitio-prueba/app/public/wp-content/plugins/flavor-platform/tests/unit/EnginesTest.php" line="381" assertions="3" time="0.000475"/>
        <testcase name="test_engine_fallback_system" class="EnginesTest" classname="EnginesTest" file="/home/josu/Local Sites/sitio-prueba/app/public/wp-content/plugins/flavor-platform/tests/unit/EnginesTest.php" line="396" assertions="3" time="0.000425"/>
        <testcase name="test_rate_limit_response" class="EnginesTest" classname="EnginesTest" file="/home/josu/Local Sites/sitio-prueba/app/public/wp-content/plugins/flavor-platform/tests/unit/EnginesTest.php" line="409" assertions="2" time="0.000383"/>
        <testcase name="test_max_retries_config" class="EnginesTest" classname="EnginesTest" file="/home/josu/Local Sites/sitio-prueba/app/public/wp-content/plugins/flavor-platform/tests/unit/EnginesTest.php" line="424" assertions="5" time="0.000599"/>
        <testcase name="test_tool_definitions_format" class="EnginesTest" classname="EnginesTest" file="/home/josu/Local Sites/sitio-prueba/app/public/wp-content/plugins/flavor-platform/tests/unit/EnginesTest.php" line="436" assertions="3" time="0.000425"/>
        <testcase name="test_tool_call_response_format" class="EnginesTest" classname="EnginesTest" file="/home/josu/Local Sites/sitio-prueba/app/public/wp-content/plugins/flavor-platform/tests/unit/EnginesTest.php" line="460" assertions="6" time="0.000450"/>
        <testcase name="test_free_tier_providers" class="EnginesTest" classname="EnginesTest" file="/home/josu/Local Sites/sitio-prueba/app/public/wp-content/plugins/flavor-platform/tests/unit/EnginesTest.php" line="486" assertions="3" time="0.000425"/>
      </testsuite>
      <testsuite name="EventosModuleTest" file="/home/josu/Local Sites/sitio-prueba/app/public/wp-content/plugins/flavor-platform/tests/unit/EventosModuleTest.php" tests="22" assertions="41" errors="0" warnings="0" failures="0" skipped="0" time="0.008570">
        <testcase name="test_event_structure" class="EventosModuleTest" classname="EventosModuleTest" file="/home/josu/Local Sites/sitio-prueba/app/public/wp-content/plugins/flavor-platform/tests/unit/EventosModuleTest.php" line="14" assertions="3" time="0.000382"/>
        <testcase name="test_event_statuses" class="EventosModuleTest" classname="EventosModuleTest" file="/home/josu/Local Sites/sitio-prueba/app/public/wp-content/plugins/flavor-platform/tests/unit/EventosModuleTest.php" line="40" assertions="2" time="0.000397"/>
        <testcase name="test_event_categories" class="EventosModuleTest" classname="EventosModuleTest" file="/home/josu/Local Sites/sitio-prueba/app/public/wp-content/plugins/flavor-platform/tests/unit/EventosModuleTest.php" line="56" assertions="2" time="0.000394"/>
        <testcase name="test_recurring_event" class="EventosModuleTest" classname="EventosModuleTest" file="/home/josu/Local Sites/sitio-prueba/app/public/wp-content/plugins/flavor-platform/tests/unit/EventosModuleTest.php" line="73" assertions="2" time="0.000386"/>
        <testcase name="test_event_registration" class="EventosModuleTest" classname="EventosModuleTest" file="/home/josu/Local Sites/sitio-prueba/app/public/wp-content/plugins/flavor-platform/tests/unit/EventosModuleTest.php" line="95" assertions="2" time="0.000381"/>
        <testcase name="test_registration_statuses" class="EventosModuleTest" classname="EventosModuleTest" file="/home/josu/Local Sites/sitio-prueba/app/public/wp-content/plugins/flavor-platform/tests/unit/EventosModuleTest.php" line="113" assertions="2" time="0.000393"/>
        <testcase name="test_event_availability" class="EventosModuleTest" classname="EventosModuleTest" file="/home/josu/Local Sites/sitio-prueba/app/public/wp-content/plugins/flavor-platform/tests/unit/EventosModuleTest.php" line="130" assertions="2" time="0.000409"/>
        <testcase name="test_paid_event" class="EventosModuleTest" classname="EventosModuleTest" file="/home/josu/Local Sites/sitio-prueba/app/public/wp-content/plugins/flavor-platform/tests/unit/EventosModuleTest.php" line="146" assertions="2" time="0.000394"/>
        <testcase name="test_online_event" class="EventosModuleTest" classname="EventosModuleTest" file="/home/josu/Local Sites/sitio-prueba/app/public/wp-content/plugins/flavor-platform/tests/unit/EventosModuleTest.php" line="168" assertions="2" time="0.000385"/>
        <testcase name="test_hybrid_event" class="EventosModuleTest" classname="EventosModuleTest" file="/home/josu/Local Sites/sitio-prueba/app/public/wp-content/plugins/flavor-platform/tests/unit/EventosModuleTest.php" line="186" assertions="3" time="0.000384"/>
        <testcase name="test_event_reminders" class="EventosModuleTest" classname="EventosModuleTest" file="/home/josu/Local Sites/sitio-prueba/app/public/wp-content/plugins/flavor-platform/tests/unit/EventosModuleTest.php" line="204" assertions="1" time="0.000376"/>
        <testcase name="test_events_calendar" class="EventosModuleTest" classname="EventosModuleTest" file="/home/josu/Local Sites/sitio-prueba/app/public/wp-content/plugins/flavor-platform/tests/unit/EventosModuleTest.php" line="229" assertions="2" time="0.000395"/>
        <testcase name="test_export_to_ical" class="EventosModuleTest" classname="EventosModuleTest" file="/home/josu/Local Sites/sitio-prueba/app/public/wp-content/plugins/flavor-platform/tests/unit/EventosModuleTest.php" line="248" assertions="2" time="0.000431"/>
        <testcase name="test_event_attendance" class="EventosModuleTest" classname="EventosModuleTest" file="/home/josu/Local Sites/sitio-prueba/app/public/wp-content/plugins/flavor-platform/tests/unit/EventosModuleTest.php" line="269" assertions="2" time="0.000400"/>
        <testcase name="test_event_checkin" class="EventosModuleTest" classname="EventosModuleTest" file="/home/josu/Local Sites/sitio-prueba/app/public/wp-content/plugins/flavor-platform/tests/unit/EventosModuleTest.php" line="285" assertions="1" time="0.000382"/>
        <testcase name="test_event_feedback" class="EventosModuleTest" classname="EventosModuleTest" file="/home/josu/Local Sites/sitio-prueba/app/public/wp-content/plugins/flavor-platform/tests/unit/EventosModuleTest.php" line="300" assertions="2" time="0.000382"/>
        <testcase name="test_events_statistics" class="EventosModuleTest" classname="EventosModuleTest" file="/home/josu/Local Sites/sitio-prueba/app/public/wp-content/plugins/flavor-platform/tests/unit/EventosModuleTest.php" line="322" assertions="1" time="0.000378"/>
        <testcase name="test_event_permissions" class="EventosModuleTest" classname="EventosModuleTest" file="/home/josu/Local Sites/sitio-prueba/app/public/wp-content/plugins/flavor-platform/tests/unit/EventosModuleTest.php" line="337" assertions="1" time="0.000379"/>
        <testcase name="test_event_notifications" class="EventosModuleTest" classname="EventosModuleTest" file="/home/josu/Local Sites/sitio-prueba/app/public/wp-content/plugins/flavor-platform/tests/unit/EventosModuleTest.php" line="352" assertions="2" time="0.000382"/>
        <testcase name="test_event_with_materials" class="EventosModuleTest" classname="EventosModuleTest" file="/home/josu/Local Sites/sitio-prueba/app/public/wp-content/plugins/flavor-platform/tests/unit/EventosModuleTest.php" line="370" assertions="2" time="0.000392"/>
        <testcase name="test_event_with_speakers" class="EventosModuleTest" classname="EventosModuleTest" file="/home/josu/Local Sites/sitio-prueba/app/public/wp-content/plugins/flavor-platform/tests/unit/EventosModuleTest.php" line="389" assertions="1" time="0.000384"/>
        <testcase name="test_event_agenda" class="EventosModuleTest" classname="EventosModuleTest" file="/home/josu/Local Sites/sitio-prueba/app/public/wp-content/plugins/flavor-platform/tests/unit/EventosModuleTest.php" line="415" assertions="2" time="0.000383"/>
      </testsuite>
      <testsuite name="ForosModuleTest" file="/home/josu/Local Sites/sitio-prueba/app/public/wp-content/plugins/flavor-platform/tests/unit/ForosModuleTest.php" tests="29" assertions="62" errors="0" warnings="0" failures="0" skipped="0" time="0.012395">
        <testcase name="test_forum_structure" class="ForosModuleTest" classname="ForosModuleTest" file="/home/josu/Local Sites/sitio-prueba/app/public/wp-content/plugins/flavor-platform/tests/unit/ForosModuleTest.php" line="14" assertions="3" time="0.000427"/>
        <testcase name="test_forum_statuses" class="ForosModuleTest" classname="ForosModuleTest" file="/home/josu/Local Sites/sitio-prueba/app/public/wp-content/plugins/flavor-platform/tests/unit/ForosModuleTest.php" line="37" assertions="3" time="0.000420"/>
        <testcase name="test_forum_visibility" class="ForosModuleTest" classname="ForosModuleTest" file="/home/josu/Local Sites/sitio-prueba/app/public/wp-content/plugins/flavor-platform/tests/unit/ForosModuleTest.php" line="53" assertions="2" time="0.000390"/>
        <testcase name="test_topic_structure" class="ForosModuleTest" classname="ForosModuleTest" file="/home/josu/Local Sites/sitio-prueba/app/public/wp-content/plugins/flavor-platform/tests/unit/ForosModuleTest.php" line="68" assertions="3" time="0.000393"/>
        <testcase name="test_topic_types" class="ForosModuleTest" classname="ForosModuleTest" file="/home/josu/Local Sites/sitio-prueba/app/public/wp-content/plugins/flavor-platform/tests/unit/ForosModuleTest.php" line="92" assertions="2" time="0.000418"/>
        <testcase name="test_topic_statuses" class="ForosModuleTest" classname="ForosModuleTest" file="/home/josu/Local Sites/sitio-prueba/app/public/wp-content/plugins/flavor-platform/tests/unit/ForosModuleTest.php" line="107" assertions="2" time="0.000418"/>
        <testcase name="test_reply_structure" class="ForosModuleTest" classname="ForosModuleTest" file="/home/josu/Local Sites/sitio-prueba/app/public/wp-content/plugins/flavor-platform/tests/unit/ForosModuleTest.php" line="123" assertions="3" time="0.000403"/>
        <testcase name="test_nested_reply" class="ForosModuleTest" classname="ForosModuleTest" file="/home/josu/Local Sites/sitio-prueba/app/public/wp-content/plugins/flavor-platform/tests/unit/ForosModuleTest.php" line="145" assertions="2" time="0.000493"/>
        <testcase name="test_mark_as_solution" class="ForosModuleTest" classname="ForosModuleTest" file="/home/josu/Local Sites/sitio-prueba/app/public/wp-content/plugins/flavor-platform/tests/unit/ForosModuleTest.php" line="162" assertions="2" time="0.000448"/>
        <testcase name="test_topic_subscription" class="ForosModuleTest" classname="ForosModuleTest" file="/home/josu/Local Sites/sitio-prueba/app/public/wp-content/plugins/flavor-platform/tests/unit/ForosModuleTest.php" line="177" assertions="2" time="0.000427"/>
        <testcase name="test_content_moderation" class="ForosModuleTest" classname="ForosModuleTest" file="/home/josu/Local Sites/sitio-prueba/app/public/wp-content/plugins/flavor-platform/tests/unit/ForosModuleTest.php" line="192" assertions="2" time="0.000429"/>
        <testcase name="test_moderation_actions" class="ForosModuleTest" classname="ForosModuleTest" file="/home/josu/Local Sites/sitio-prueba/app/public/wp-content/plugins/flavor-platform/tests/unit/ForosModuleTest.php" line="211" assertions="2" time="0.000488"/>
        <testcase name="test_report_content" class="ForosModuleTest" classname="ForosModuleTest" file="/home/josu/Local Sites/sitio-prueba/app/public/wp-content/plugins/flavor-platform/tests/unit/ForosModuleTest.php" line="228" assertions="2" time="0.000448"/>
        <testcase name="test_report_reasons" class="ForosModuleTest" classname="ForosModuleTest" file="/home/josu/Local Sites/sitio-prueba/app/public/wp-content/plugins/flavor-platform/tests/unit/ForosModuleTest.php" line="247" assertions="2" time="0.000442"/>
        <testcase name="test_forum_permissions" class="ForosModuleTest" classname="ForosModuleTest" file="/home/josu/Local Sites/sitio-prueba/app/public/wp-content/plugins/flavor-platform/tests/unit/ForosModuleTest.php" line="264" assertions="2" time="0.000492"/>
        <testcase name="test_forum_search" class="ForosModuleTest" classname="ForosModuleTest" file="/home/josu/Local Sites/sitio-prueba/app/public/wp-content/plugins/flavor-platform/tests/unit/ForosModuleTest.php" line="283" assertions="2" time="0.000417"/>
        <testcase name="test_forum_statistics" class="ForosModuleTest" classname="ForosModuleTest" file="/home/josu/Local Sites/sitio-prueba/app/public/wp-content/plugins/flavor-platform/tests/unit/ForosModuleTest.php" line="301" assertions="2" time="0.000413"/>
        <testcase name="test_topic_poll" class="ForosModuleTest" classname="ForosModuleTest" file="/home/josu/Local Sites/sitio-prueba/app/public/wp-content/plugins/flavor-platform/tests/unit/ForosModuleTest.php" line="319" assertions="2" time="0.000423"/>
        <testcase name="test_poll_vote" class="ForosModuleTest" classname="ForosModuleTest" file="/home/josu/Local Sites/sitio-prueba/app/public/wp-content/plugins/flavor-platform/tests/unit/ForosModuleTest.php" line="341" assertions="2" time="0.000425"/>
        <testcase name="test_forum_mentions" class="ForosModuleTest" classname="ForosModuleTest" file="/home/josu/Local Sites/sitio-prueba/app/public/wp-content/plugins/flavor-platform/tests/unit/ForosModuleTest.php" line="356" assertions="2" time="0.000446"/>
        <testcase name="test_topic_tags" class="ForosModuleTest" classname="ForosModuleTest" file="/home/josu/Local Sites/sitio-prueba/app/public/wp-content/plugins/flavor-platform/tests/unit/ForosModuleTest.php" line="369" assertions="2" time="0.000390"/>
        <testcase name="test_recent_activity" class="ForosModuleTest" classname="ForosModuleTest" file="/home/josu/Local Sites/sitio-prueba/app/public/wp-content/plugins/flavor-platform/tests/unit/ForosModuleTest.php" line="383" assertions="2" time="0.000387"/>
        <testcase name="test_banned_user" class="ForosModuleTest" classname="ForosModuleTest" file="/home/josu/Local Sites/sitio-prueba/app/public/wp-content/plugins/flavor-platform/tests/unit/ForosModuleTest.php" line="407" assertions="2" time="0.000377"/>
        <testcase name="test_forum_notifications" class="ForosModuleTest" classname="ForosModuleTest" file="/home/josu/Local Sites/sitio-prueba/app/public/wp-content/plugins/flavor-platform/tests/unit/ForosModuleTest.php" line="425" assertions="2" time="0.000491"/>
        <testcase name="test_quote_reply" class="ForosModuleTest" classname="ForosModuleTest" file="/home/josu/Local Sites/sitio-prueba/app/public/wp-content/plugins/flavor-platform/tests/unit/ForosModuleTest.php" line="442" assertions="2" time="0.000397"/>
        <testcase name="test_reply_likes" class="ForosModuleTest" classname="ForosModuleTest" file="/home/josu/Local Sites/sitio-prueba/app/public/wp-content/plugins/flavor-platform/tests/unit/ForosModuleTest.php" line="459" assertions="2" time="0.000422"/>
        <testcase name="test_edit_history" class="ForosModuleTest" classname="ForosModuleTest" file="/home/josu/Local Sites/sitio-prueba/app/public/wp-content/plugins/flavor-platform/tests/unit/ForosModuleTest.php" line="479" assertions="2" time="0.000467"/>
        <testcase name="test_private_forum" class="ForosModuleTest" classname="ForosModuleTest" file="/home/josu/Local Sites/sitio-prueba/app/public/wp-content/plugins/flavor-platform/tests/unit/ForosModuleTest.php" line="505" assertions="2" time="0.000408"/>
        <testcase name="test_forum_rss" class="ForosModuleTest" classname="ForosModuleTest" file="/home/josu/Local Sites/sitio-prueba/app/public/wp-content/plugins/flavor-platform/tests/unit/ForosModuleTest.php" line="521" assertions="2" time="0.000393"/>
      </testsuite>
      <testsuite name="HelpersTest" file="/home/josu/Local Sites/sitio-prueba/app/public/wp-content/plugins/flavor-platform/tests/unit/HelpersTest.php" tests="9" assertions="18" errors="0" warnings="0" failures="0" skipped="0" time="0.003856">
        <testcase name="test_sanitize_text_field_removes_tags" class="HelpersTest" classname="HelpersTest" file="/home/josu/Local Sites/sitio-prueba/app/public/wp-content/plugins/flavor-platform/tests/unit/HelpersTest.php" line="12" assertions="1" time="0.000387"/>
        <testcase name="test_sanitize_text_field_trims_whitespace" class="HelpersTest" classname="HelpersTest" file="/home/josu/Local Sites/sitio-prueba/app/public/wp-content/plugins/flavor-platform/tests/unit/HelpersTest.php" line="21" assertions="1" time="0.000383"/>
        <testcase name="test_absint_returns_absolute_integer" class="HelpersTest" classname="HelpersTest" file="/home/josu/Local Sites/sitio-prueba/app/public/wp-content/plugins/flavor-platform/tests/unit/HelpersTest.php" line="30" assertions="5" time="0.000420"/>
        <testcase name="test_absint_handles_strings" class="HelpersTest" classname="HelpersTest" file="/home/josu/Local Sites/sitio-prueba/app/public/wp-content/plugins/flavor-platform/tests/unit/HelpersTest.php" line="38" assertions="3" time="0.000409"/>
        <testcase name="test_esc_html_escapes_special_chars" class="HelpersTest" classname="HelpersTest" file="/home/josu/Local Sites/sitio-prueba/app/public/wp-content/plugins/flavor-platform/tests/unit/HelpersTest.php" line="44" assertions="1" time="0.000388"/>
        <testcase name="test_esc_attr_escapes_for_attributes" class="HelpersTest" classname="HelpersTest" file="/home/josu/Local Sites/sitio-prueba/app/public/wp-content/plugins/flavor-platform/tests/unit/HelpersTest.php" line="53" assertions="2" time="0.000408"/>
        <testcase name="test_wp_json_encode_returns_valid_json" class="HelpersTest" classname="HelpersTest" file="/home/josu/Local Sites/sitio-prueba/app/public/wp-content/plugins/flavor-platform/tests/unit/HelpersTest.php" line="61" assertions="2" time="0.000651"/>
        <testcase name="test_current_time_mysql_format" class="HelpersTest" classname="HelpersTest" file="/home/josu/Local Sites/sitio-prueba/app/public/wp-content/plugins/flavor-platform/tests/unit/HelpersTest.php" line="70" assertions="1" time="0.000427"/>
        <testcase name="test_current_time_timestamp" class="HelpersTest" classname="HelpersTest" file="/home/josu/Local Sites/sitio-prueba/app/public/wp-content/plugins/flavor-platform/tests/unit/HelpersTest.php" line="79" assertions="2" time="0.000384"/>
      </testsuite>
      <testsuite name="MarketplaceModuleTest" file="/home/josu/Local Sites/sitio-prueba/app/public/wp-content/plugins/flavor-platform/tests/unit/MarketplaceModuleTest.php" tests="24" assertions="42" errors="0" warnings="0" failures="0" skipped="0" time="0.009757">
        <testcase name="test_product_structure" class="MarketplaceModuleTest" classname="MarketplaceModuleTest" file="/home/josu/Local Sites/sitio-prueba/app/public/wp-content/plugins/flavor-platform/tests/unit/MarketplaceModuleTest.php" line="14" assertions="3" time="0.000499"/>
        <testcase name="test_product_statuses" class="MarketplaceModuleTest" classname="MarketplaceModuleTest" file="/home/josu/Local Sites/sitio-prueba/app/public/wp-content/plugins/flavor-platform/tests/unit/MarketplaceModuleTest.php" line="41" assertions="2" time="0.000416"/>
        <testcase name="test_product_categories" class="MarketplaceModuleTest" classname="MarketplaceModuleTest" file="/home/josu/Local Sites/sitio-prueba/app/public/wp-content/plugins/flavor-platform/tests/unit/MarketplaceModuleTest.php" line="57" assertions="2" time="0.000414"/>
        <testcase name="test_product_variants" class="MarketplaceModuleTest" classname="MarketplaceModuleTest" file="/home/josu/Local Sites/sitio-prueba/app/public/wp-content/plugins/flavor-platform/tests/unit/MarketplaceModuleTest.php" line="72" assertions="2" time="0.000395"/>
        <testcase name="test_shopping_cart" class="MarketplaceModuleTest" classname="MarketplaceModuleTest" file="/home/josu/Local Sites/sitio-prueba/app/public/wp-content/plugins/flavor-platform/tests/unit/MarketplaceModuleTest.php" line="92" assertions="2" time="0.000403"/>
        <testcase name="test_cart_totals_calculation" class="MarketplaceModuleTest" classname="MarketplaceModuleTest" file="/home/josu/Local Sites/sitio-prueba/app/public/wp-content/plugins/flavor-platform/tests/unit/MarketplaceModuleTest.php" line="117" assertions="2" time="0.000402"/>
        <testcase name="test_order_structure" class="MarketplaceModuleTest" classname="MarketplaceModuleTest" file="/home/josu/Local Sites/sitio-prueba/app/public/wp-content/plugins/flavor-platform/tests/unit/MarketplaceModuleTest.php" line="137" assertions="2" time="0.000400"/>
        <testcase name="test_order_statuses" class="MarketplaceModuleTest" classname="MarketplaceModuleTest" file="/home/josu/Local Sites/sitio-prueba/app/public/wp-content/plugins/flavor-platform/tests/unit/MarketplaceModuleTest.php" line="165" assertions="2" time="0.000403"/>
        <testcase name="test_discount_coupons" class="MarketplaceModuleTest" classname="MarketplaceModuleTest" file="/home/josu/Local Sites/sitio-prueba/app/public/wp-content/plugins/flavor-platform/tests/unit/MarketplaceModuleTest.php" line="184" assertions="2" time="0.000389"/>
        <testcase name="test_apply_coupon" class="MarketplaceModuleTest" classname="MarketplaceModuleTest" file="/home/josu/Local Sites/sitio-prueba/app/public/wp-content/plugins/flavor-platform/tests/unit/MarketplaceModuleTest.php" line="207" assertions="1" time="0.000373"/>
        <testcase name="test_payment_methods" class="MarketplaceModuleTest" classname="MarketplaceModuleTest" file="/home/josu/Local Sites/sitio-prueba/app/public/wp-content/plugins/flavor-platform/tests/unit/MarketplaceModuleTest.php" line="220" assertions="1" time="0.000406"/>
        <testcase name="test_shipping_options" class="MarketplaceModuleTest" classname="MarketplaceModuleTest" file="/home/josu/Local Sites/sitio-prueba/app/public/wp-content/plugins/flavor-platform/tests/unit/MarketplaceModuleTest.php" line="235" assertions="2" time="0.000393"/>
        <testcase name="test_seller_profile" class="MarketplaceModuleTest" classname="MarketplaceModuleTest" file="/home/josu/Local Sites/sitio-prueba/app/public/wp-content/plugins/flavor-platform/tests/unit/MarketplaceModuleTest.php" line="264" assertions="2" time="0.000392"/>
        <testcase name="test_product_reviews" class="MarketplaceModuleTest" classname="MarketplaceModuleTest" file="/home/josu/Local Sites/sitio-prueba/app/public/wp-content/plugins/flavor-platform/tests/unit/MarketplaceModuleTest.php" line="286" assertions="2" time="0.000399"/>
        <testcase name="test_review_statistics" class="MarketplaceModuleTest" classname="MarketplaceModuleTest" file="/home/josu/Local Sites/sitio-prueba/app/public/wp-content/plugins/flavor-platform/tests/unit/MarketplaceModuleTest.php" line="308" assertions="2" time="0.000426"/>
        <testcase name="test_wishlist" class="MarketplaceModuleTest" classname="MarketplaceModuleTest" file="/home/josu/Local Sites/sitio-prueba/app/public/wp-content/plugins/flavor-platform/tests/unit/MarketplaceModuleTest.php" line="330" assertions="1" time="0.000406"/>
        <testcase name="test_stock_notifications" class="MarketplaceModuleTest" classname="MarketplaceModuleTest" file="/home/josu/Local Sites/sitio-prueba/app/public/wp-content/plugins/flavor-platform/tests/unit/MarketplaceModuleTest.php" line="346" assertions="1" time="0.000515"/>
        <testcase name="test_inventory_management" class="MarketplaceModuleTest" classname="MarketplaceModuleTest" file="/home/josu/Local Sites/sitio-prueba/app/public/wp-content/plugins/flavor-platform/tests/unit/MarketplaceModuleTest.php" line="363" assertions="2" time="0.000412"/>
        <testcase name="test_user_order_history" class="MarketplaceModuleTest" classname="MarketplaceModuleTest" file="/home/josu/Local Sites/sitio-prueba/app/public/wp-content/plugins/flavor-platform/tests/unit/MarketplaceModuleTest.php" line="382" assertions="1" time="0.000389"/>
        <testcase name="test_invoice_structure" class="MarketplaceModuleTest" classname="MarketplaceModuleTest" file="/home/josu/Local Sites/sitio-prueba/app/public/wp-content/plugins/flavor-platform/tests/unit/MarketplaceModuleTest.php" line="396" assertions="1" time="0.000378"/>
        <testcase name="test_product_search" class="MarketplaceModuleTest" classname="MarketplaceModuleTest" file="/home/josu/Local Sites/sitio-prueba/app/public/wp-content/plugins/flavor-platform/tests/unit/MarketplaceModuleTest.php" line="419" assertions="2" time="0.000387"/>
        <testcase name="test_product_filters" class="MarketplaceModuleTest" classname="MarketplaceModuleTest" file="/home/josu/Local Sites/sitio-prueba/app/public/wp-content/plugins/flavor-platform/tests/unit/MarketplaceModuleTest.php" line="439" assertions="1" time="0.000383"/>
        <testcase name="test_platform_commissions" class="MarketplaceModuleTest" classname="MarketplaceModuleTest" file="/home/josu/Local Sites/sitio-prueba/app/public/wp-content/plugins/flavor-platform/tests/unit/MarketplaceModuleTest.php" line="461" assertions="2" time="0.000393"/>
        <testcase name="test_refund_structure" class="MarketplaceModuleTest" classname="MarketplaceModuleTest" file="/home/josu/Local Sites/sitio-prueba/app/public/wp-content/plugins/flavor-platform/tests/unit/MarketplaceModuleTest.php" line="479" assertions="2" time="0.000386"/>
      </testsuite>
      <testsuite name="MediaSystemTest" file="/home/josu/Local Sites/sitio-prueba/app/public/wp-content/plugins/flavor-platform/tests/unit/MediaSystemTest.php" tests="31" assertions="59" errors="0" warnings="0" failures="0" skipped="0" time="0.012933">
        <testcase name="test_file_structure" class="MediaSystemTest" classname="MediaSystemTest" file="/home/josu/Local Sites/sitio-prueba/app/public/wp-content/plugins/flavor-platform/tests/unit/MediaSystemTest.php" line="14" assertions="2" time="0.000403"/>
        <testcase name="test_allowed_mime_types" class="MediaSystemTest" classname="MediaSystemTest" file="/home/josu/Local Sites/sitio-prueba/app/public/wp-content/plugins/flavor-platform/tests/unit/MediaSystemTest.php" line="36" assertions="2" time="0.000398"/>
        <testcase name="test_image_sizes" class="MediaSystemTest" classname="MediaSystemTest" file="/home/josu/Local Sites/sitio-prueba/app/public/wp-content/plugins/flavor-platform/tests/unit/MediaSystemTest.php" line="57" assertions="2" time="0.000384"/>
        <testcase name="test_image_metadata" class="MediaSystemTest" classname="MediaSystemTest" file="/home/josu/Local Sites/sitio-prueba/app/public/wp-content/plugins/flavor-platform/tests/unit/MediaSystemTest.php" line="75" assertions="2" time="0.000387"/>
        <testcase name="test_upload_validation" class="MediaSystemTest" classname="MediaSystemTest" file="/home/josu/Local Sites/sitio-prueba/app/public/wp-content/plugins/flavor-platform/tests/unit/MediaSystemTest.php" line="102" assertions="2" time="0.000352"/>
        <testcase name="test_filename_sanitization" class="MediaSystemTest" classname="MediaSystemTest" file="/home/josu/Local Sites/sitio-prueba/app/public/wp-content/plugins/flavor-platform/tests/unit/MediaSystemTest.php" line="122" assertions="4" time="0.000474"/>
        <testcase name="test_image_gallery" class="MediaSystemTest" classname="MediaSystemTest" file="/home/josu/Local Sites/sitio-prueba/app/public/wp-content/plugins/flavor-platform/tests/unit/MediaSystemTest.php" line="139" assertions="2" time="0.000400"/>
        <testcase name="test_media_folders" class="MediaSystemTest" classname="MediaSystemTest" file="/home/josu/Local Sites/sitio-prueba/app/public/wp-content/plugins/flavor-platform/tests/unit/MediaSystemTest.php" line="157" assertions="2" time="0.000390"/>
        <testcase name="test_image_optimization" class="MediaSystemTest" classname="MediaSystemTest" file="/home/josu/Local Sites/sitio-prueba/app/public/wp-content/plugins/flavor-platform/tests/unit/MediaSystemTest.php" line="176" assertions="2" time="0.000481"/>
        <testcase name="test_format_conversion" class="MediaSystemTest" classname="MediaSystemTest" file="/home/josu/Local Sites/sitio-prueba/app/public/wp-content/plugins/flavor-platform/tests/unit/MediaSystemTest.php" line="193" assertions="1" time="0.000495"/>
        <testcase name="test_lazy_loading_config" class="MediaSystemTest" classname="MediaSystemTest" file="/home/josu/Local Sites/sitio-prueba/app/public/wp-content/plugins/flavor-platform/tests/unit/MediaSystemTest.php" line="209" assertions="2" time="0.000418"/>
        <testcase name="test_cdn_configuration" class="MediaSystemTest" classname="MediaSystemTest" file="/home/josu/Local Sites/sitio-prueba/app/public/wp-content/plugins/flavor-platform/tests/unit/MediaSystemTest.php" line="226" assertions="2" time="0.000463"/>
        <testcase name="test_file_upload" class="MediaSystemTest" classname="MediaSystemTest" file="/home/josu/Local Sites/sitio-prueba/app/public/wp-content/plugins/flavor-platform/tests/unit/MediaSystemTest.php" line="242" assertions="2" time="0.000437"/>
        <testcase name="test_upload_limits" class="MediaSystemTest" classname="MediaSystemTest" file="/home/josu/Local Sites/sitio-prueba/app/public/wp-content/plugins/flavor-platform/tests/unit/MediaSystemTest.php" line="261" assertions="1" time="0.000407"/>
        <testcase name="test_media_permissions" class="MediaSystemTest" classname="MediaSystemTest" file="/home/josu/Local Sites/sitio-prueba/app/public/wp-content/plugins/flavor-platform/tests/unit/MediaSystemTest.php" line="276" assertions="2" time="0.000376"/>
        <testcase name="test_media_search" class="MediaSystemTest" classname="MediaSystemTest" file="/home/josu/Local Sites/sitio-prueba/app/public/wp-content/plugins/flavor-platform/tests/unit/MediaSystemTest.php" line="293" assertions="1" time="0.000401"/>
        <testcase name="test_video_file" class="MediaSystemTest" classname="MediaSystemTest" file="/home/josu/Local Sites/sitio-prueba/app/public/wp-content/plugins/flavor-platform/tests/unit/MediaSystemTest.php" line="310" assertions="2" time="0.000403"/>
        <testcase name="test_audio_file" class="MediaSystemTest" classname="MediaSystemTest" file="/home/josu/Local Sites/sitio-prueba/app/public/wp-content/plugins/flavor-platform/tests/unit/MediaSystemTest.php" line="333" assertions="2" time="0.000392"/>
        <testcase name="test_pdf_document" class="MediaSystemTest" classname="MediaSystemTest" file="/home/josu/Local Sites/sitio-prueba/app/public/wp-content/plugins/flavor-platform/tests/unit/MediaSystemTest.php" line="356" assertions="2" time="0.000395"/>
        <testcase name="test_media_backup" class="MediaSystemTest" classname="MediaSystemTest" file="/home/josu/Local Sites/sitio-prueba/app/public/wp-content/plugins/flavor-platform/tests/unit/MediaSystemTest.php" line="374" assertions="2" time="0.000395"/>
        <testcase name="test_media_statistics" class="MediaSystemTest" classname="MediaSystemTest" file="/home/josu/Local Sites/sitio-prueba/app/public/wp-content/plugins/flavor-platform/tests/unit/MediaSystemTest.php" line="392" assertions="2" time="0.000403"/>
        <testcase name="test_watermark" class="MediaSystemTest" classname="MediaSystemTest" file="/home/josu/Local Sites/sitio-prueba/app/public/wp-content/plugins/flavor-platform/tests/unit/MediaSystemTest.php" line="412" assertions="2" time="0.000406"/>
        <testcase name="test_image_crop" class="MediaSystemTest" classname="MediaSystemTest" file="/home/josu/Local Sites/sitio-prueba/app/public/wp-content/plugins/flavor-platform/tests/unit/MediaSystemTest.php" line="430" assertions="2" time="0.000409"/>
        <testcase name="test_image_rotation" class="MediaSystemTest" classname="MediaSystemTest" file="/home/josu/Local Sites/sitio-prueba/app/public/wp-content/plugins/flavor-platform/tests/unit/MediaSystemTest.php" line="448" assertions="1" time="0.000380"/>
        <testcase name="test_image_compression" class="MediaSystemTest" classname="MediaSystemTest" file="/home/josu/Local Sites/sitio-prueba/app/public/wp-content/plugins/flavor-platform/tests/unit/MediaSystemTest.php" line="461" assertions="2" time="0.000526"/>
        <testcase name="test_attachments" class="MediaSystemTest" classname="MediaSystemTest" file="/home/josu/Local Sites/sitio-prueba/app/public/wp-content/plugins/flavor-platform/tests/unit/MediaSystemTest.php" line="478" assertions="2" time="0.000541"/>
        <testcase name="test_media_deletion" class="MediaSystemTest" classname="MediaSystemTest" file="/home/josu/Local Sites/sitio-prueba/app/public/wp-content/plugins/flavor-platform/tests/unit/MediaSystemTest.php" line="495" assertions="2" time="0.000437"/>
        <testcase name="test_media_trash" class="MediaSystemTest" classname="MediaSystemTest" file="/home/josu/Local Sites/sitio-prueba/app/public/wp-content/plugins/flavor-platform/tests/unit/MediaSystemTest.php" line="511" assertions="2" time="0.000396"/>
        <testcase name="test_bulk_import" class="MediaSystemTest" classname="MediaSystemTest" file="/home/josu/Local Sites/sitio-prueba/app/public/wp-content/plugins/flavor-platform/tests/unit/MediaSystemTest.php" line="527" assertions="2" time="0.000391"/>
        <testcase name="test_signed_urls" class="MediaSystemTest" classname="MediaSystemTest" file="/home/josu/Local Sites/sitio-prueba/app/public/wp-content/plugins/flavor-platform/tests/unit/MediaSystemTest.php" line="546" assertions="1" time="0.000390"/>
        <testcase name="test_duplicate_detection" class="MediaSystemTest" classname="MediaSystemTest" file="/home/josu/Local Sites/sitio-prueba/app/public/wp-content/plugins/flavor-platform/tests/unit/MediaSystemTest.php" line="560" assertions="2" time="0.000400"/>
      </testsuite>
      <testsuite name="ModuleCompatibilityAPITest" file="/home/josu/Local Sites/sitio-prueba/app/public/wp-content/plugins/flavor-platform/tests/unit/ModuleCompatibilityAPITest.php" tests="15" assertions="73" errors="0" warnings="0" failures="0" skipped="0" time="0.011358">
        <testcase name="test_singleton_instance" class="ModuleCompatibilityAPITest" classname="ModuleCompatibilityAPITest" file="/home/josu/Local Sites/sitio-prueba/app/public/wp-content/plugins/flavor-platform/tests/unit/ModuleCompatibilityAPITest.php" line="56" assertions="1" time="0.000494"/>
        <testcase name="test_check_api_key_valid" class="ModuleCompatibilityAPITest" classname="ModuleCompatibilityAPITest" file="/home/josu/Local Sites/sitio-prueba/app/public/wp-content/plugins/flavor-platform/tests/unit/ModuleCompatibilityAPITest.php" line="66" assertions="1" time="0.000467"/>
        <testcase name="test_check_api_key_invalid" class="ModuleCompatibilityAPITest" classname="ModuleCompatibilityAPITest" file="/home/josu/Local Sites/sitio-prueba/app/public/wp-content/plugins/flavor-platform/tests/unit/ModuleCompatibilityAPITest.php" line="81" assertions="1" time="0.000456"/>
        <testcase name="test_public_routes_no_api_key" class="ModuleCompatibilityAPITest" classname="ModuleCompatibilityAPITest" file="/home/josu/Local Sites/sitio-prueba/app/public/wp-content/plugins/flavor-platform/tests/unit/ModuleCompatibilityAPITest.php" line="96" assertions="1" time="0.000422"/>
        <testcase name="test_compatibility_matrix_structure" class="ModuleCompatibilityAPITest" classname="ModuleCompatibilityAPITest" file="/home/josu/Local Sites/sitio-prueba/app/public/wp-content/plugins/flavor-platform/tests/unit/ModuleCompatibilityAPITest.php" line="111" assertions="4" time="0.000857"/>
        <testcase name="test_summary_has_counters" class="ModuleCompatibilityAPITest" classname="ModuleCompatibilityAPITest" file="/home/josu/Local Sites/sitio-prueba/app/public/wp-content/plugins/flavor-platform/tests/unit/ModuleCompatibilityAPITest.php" line="125" assertions="3" time="0.000852"/>
        <testcase name="test_module_entry_structure" class="ModuleCompatibilityAPITest" classname="ModuleCompatibilityAPITest" file="/home/josu/Local Sites/sitio-prueba/app/public/wp-content/plugins/flavor-platform/tests/unit/ModuleCompatibilityAPITest.php" line="138" assertions="8" time="0.001119"/>
        <testcase name="test_check_module_exists" class="ModuleCompatibilityAPITest" classname="ModuleCompatibilityAPITest" file="/home/josu/Local Sites/sitio-prueba/app/public/wp-content/plugins/flavor-platform/tests/unit/ModuleCompatibilityAPITest.php" line="158" assertions="4" time="0.000678"/>
        <testcase name="test_check_module_not_found" class="ModuleCompatibilityAPITest" classname="ModuleCompatibilityAPITest" file="/home/josu/Local Sites/sitio-prueba/app/public/wp-content/plugins/flavor-platform/tests/unit/ModuleCompatibilityAPITest.php" line="172" assertions="1" time="0.000763"/>
        <testcase name="test_get_supported_modules" class="ModuleCompatibilityAPITest" classname="ModuleCompatibilityAPITest" file="/home/josu/Local Sites/sitio-prueba/app/public/wp-content/plugins/flavor-platform/tests/unit/ModuleCompatibilityAPITest.php" line="183" assertions="5" time="0.000814"/>
        <testcase name="test_diagnostics_structure" class="ModuleCompatibilityAPITest" classname="ModuleCompatibilityAPITest" file="/home/josu/Local Sites/sitio-prueba/app/public/wp-content/plugins/flavor-platform/tests/unit/ModuleCompatibilityAPITest.php" line="198" assertions="5" time="0.000797"/>
        <testcase name="test_recommendation_full_support" class="ModuleCompatibilityAPITest" classname="ModuleCompatibilityAPITest" file="/home/josu/Local Sites/sitio-prueba/app/public/wp-content/plugins/flavor-platform/tests/unit/ModuleCompatibilityAPITest.php" line="221" assertions="4" time="0.000963"/>
        <testcase name="test_module_categories" class="ModuleCompatibilityAPITest" classname="ModuleCompatibilityAPITest" file="/home/josu/Local Sites/sitio-prueba/app/public/wp-content/plugins/flavor-platform/tests/unit/ModuleCompatibilityAPITest.php" line="250" assertions="3" time="0.000819"/>
        <testcase name="test_flutter_folder_mapping" class="ModuleCompatibilityAPITest" classname="ModuleCompatibilityAPITest" file="/home/josu/Local Sites/sitio-prueba/app/public/wp-content/plugins/flavor-platform/tests/unit/ModuleCompatibilityAPITest.php" line="268" assertions="2" time="0.000827"/>
        <testcase name="test_support_text_format" class="ModuleCompatibilityAPITest" classname="ModuleCompatibilityAPITest" file="/home/josu/Local Sites/sitio-prueba/app/public/wp-content/plugins/flavor-platform/tests/unit/ModuleCompatibilityAPITest.php" line="283" assertions="30" time="0.001030"/>
      </testsuite>
      <testsuite name="ModuleLoaderTest" file="/home/josu/Local Sites/sitio-prueba/app/public/wp-content/plugins/flavor-platform/tests/unit/ModuleLoaderTest.php" tests="7" assertions="22" errors="0" warnings="0" failures="0" skipped="0" time="0.002790">
        <testcase name="test_module_metadata_structure" class="ModuleLoaderTest" classname="ModuleLoaderTest" file="/home/josu/Local Sites/sitio-prueba/app/public/wp-content/plugins/flavor-platform/tests/unit/ModuleLoaderTest.php" line="12" assertions="5" time="0.000416"/>
        <testcase name="test_module_id_format_validation" class="ModuleLoaderTest" classname="ModuleLoaderTest" file="/home/josu/Local Sites/sitio-prueba/app/public/wp-content/plugins/flavor-platform/tests/unit/ModuleLoaderTest.php" line="29" assertions="4" time="0.000417"/>
        <testcase name="test_module_id_invalid_format" class="ModuleLoaderTest" classname="ModuleLoaderTest" file="/home/josu/Local Sites/sitio-prueba/app/public/wp-content/plugins/flavor-platform/tests/unit/ModuleLoaderTest.php" line="43" assertions="4" time="0.000403"/>
        <testcase name="test_module_categories_are_valid" class="ModuleLoaderTest" classname="ModuleLoaderTest" file="/home/josu/Local Sites/sitio-prueba/app/public/wp-content/plugins/flavor-platform/tests/unit/ModuleLoaderTest.php" line="57" assertions="1" time="0.000367"/>
        <testcase name="test_lazy_load_reduces_memory" class="ModuleLoaderTest" classname="ModuleLoaderTest" file="/home/josu/Local Sites/sitio-prueba/app/public/wp-content/plugins/flavor-platform/tests/unit/ModuleLoaderTest.php" line="72" assertions="1" time="0.000382"/>
        <testcase name="test_module_visibility_levels" class="ModuleLoaderTest" classname="ModuleLoaderTest" file="/home/josu/Local Sites/sitio-prueba/app/public/wp-content/plugins/flavor-platform/tests/unit/ModuleLoaderTest.php" line="80" assertions="4" time="0.000404"/>
        <testcase name="test_module_dependencies_format" class="ModuleLoaderTest" classname="ModuleLoaderTest" file="/home/josu/Local Sites/sitio-prueba/app/public/wp-content/plugins/flavor-platform/tests/unit/ModuleLoaderTest.php" line="88" assertions="3" time="0.000401"/>
      </testsuite>
      <testsuite name="NetworkSystemTest" file="/home/josu/Local Sites/sitio-prueba/app/public/wp-content/plugins/flavor-platform/tests/unit/NetworkSystemTest.php" tests="22" assertions="41" errors="0" warnings="0" failures="0" skipped="0" time="0.010987">
        <testcase name="test_network_node_structure" class="NetworkSystemTest" classname="NetworkSystemTest" file="/home/josu/Local Sites/sitio-prueba/app/public/wp-content/plugins/flavor-platform/tests/unit/NetworkSystemTest.php" line="14" assertions="3" time="0.000485"/>
        <testcase name="test_node_statuses" class="NetworkSystemTest" classname="NetworkSystemTest" file="/home/josu/Local Sites/sitio-prueba/app/public/wp-content/plugins/flavor-platform/tests/unit/NetworkSystemTest.php" line="33" assertions="2" time="0.000426"/>
        <testcase name="test_sync_configuration" class="NetworkSystemTest" classname="NetworkSystemTest" file="/home/josu/Local Sites/sitio-prueba/app/public/wp-content/plugins/flavor-platform/tests/unit/NetworkSystemTest.php" line="49" assertions="3" time="0.000420"/>
        <testcase name="test_sync_log" class="NetworkSystemTest" classname="NetworkSystemTest" file="/home/josu/Local Sites/sitio-prueba/app/public/wp-content/plugins/flavor-platform/tests/unit/NetworkSystemTest.php" line="66" assertions="2" time="0.000361"/>
        <testcase name="test_sync_types" class="NetworkSystemTest" classname="NetworkSystemTest" file="/home/josu/Local Sites/sitio-prueba/app/public/wp-content/plugins/flavor-platform/tests/unit/NetworkSystemTest.php" line="86" assertions="1" time="0.000433"/>
        <testcase name="test_shared_content_structure" class="NetworkSystemTest" classname="NetworkSystemTest" file="/home/josu/Local Sites/sitio-prueba/app/public/wp-content/plugins/flavor-platform/tests/unit/NetworkSystemTest.php" line="101" assertions="2" time="0.000408"/>
        <testcase name="test_conflict_detection" class="NetworkSystemTest" classname="NetworkSystemTest" file="/home/josu/Local Sites/sitio-prueba/app/public/wp-content/plugins/flavor-platform/tests/unit/NetworkSystemTest.php" line="120" assertions="1" time="0.000426"/>
        <testcase name="test_conflict_resolution_strategies" class="NetworkSystemTest" classname="NetworkSystemTest" file="/home/josu/Local Sites/sitio-prueba/app/public/wp-content/plugins/flavor-platform/tests/unit/NetworkSystemTest.php" line="142" assertions="2" time="0.000377"/>
        <testcase name="test_node_permissions" class="NetworkSystemTest" classname="NetworkSystemTest" file="/home/josu/Local Sites/sitio-prueba/app/public/wp-content/plugins/flavor-platform/tests/unit/NetworkSystemTest.php" line="158" assertions="2" time="0.000428"/>
        <testcase name="test_network_api_endpoints" class="NetworkSystemTest" classname="NetworkSystemTest" file="/home/josu/Local Sites/sitio-prueba/app/public/wp-content/plugins/flavor-platform/tests/unit/NetworkSystemTest.php" line="175" assertions="1" time="0.000406"/>
        <testcase name="test_node_authentication" class="NetworkSystemTest" classname="NetworkSystemTest" file="/home/josu/Local Sites/sitio-prueba/app/public/wp-content/plugins/flavor-platform/tests/unit/NetworkSystemTest.php" line="194" assertions="2" time="0.000411"/>
        <testcase name="test_request_signature" class="NetworkSystemTest" classname="NetworkSystemTest" file="/home/josu/Local Sites/sitio-prueba/app/public/wp-content/plugins/flavor-platform/tests/unit/NetworkSystemTest.php" line="209" assertions="1" time="0.000450"/>
        <testcase name="test_sync_queue" class="NetworkSystemTest" classname="NetworkSystemTest" file="/home/josu/Local Sites/sitio-prueba/app/public/wp-content/plugins/flavor-platform/tests/unit/NetworkSystemTest.php" line="220" assertions="2" time="0.000441"/>
        <testcase name="test_network_statistics" class="NetworkSystemTest" classname="NetworkSystemTest" file="/home/josu/Local Sites/sitio-prueba/app/public/wp-content/plugins/flavor-platform/tests/unit/NetworkSystemTest.php" line="241" assertions="3" time="0.000537"/>
[...]
        <testcase name="test_module_shortcode_block" class="VBPBlocksTest" classname="VBPBlocksTest" file="/home/josu/Local Sites/sitio-prueba/app/public/wp-content/plugins/flavor-platform/tests/unit/VBPBlocksTest.php" line="197" assertions="2" time="0.000434"/>
        <testcase name="test_icon_block" class="VBPBlocksTest" classname="VBPBlocksTest" file="/home/josu/Local Sites/sitio-prueba/app/public/wp-content/plugins/flavor-platform/tests/unit/VBPBlocksTest.php" line="215" assertions="2" time="0.000453"/>
        <testcase name="test_spacer_block" class="VBPBlocksTest" classname="VBPBlocksTest" file="/home/josu/Local Sites/sitio-prueba/app/public/wp-content/plugins/flavor-platform/tests/unit/VBPBlocksTest.php" line="233" assertions="1" time="0.000416"/>
        <testcase name="test_divider_block" class="VBPBlocksTest" classname="VBPBlocksTest" file="/home/josu/Local Sites/sitio-prueba/app/public/wp-content/plugins/flavor-platform/tests/unit/VBPBlocksTest.php" line="251" assertions="1" time="0.000422"/>
        <testcase name="test_accordion_block" class="VBPBlocksTest" classname="VBPBlocksTest" file="/home/josu/Local Sites/sitio-prueba/app/public/wp-content/plugins/flavor-platform/tests/unit/VBPBlocksTest.php" line="268" assertions="2" time="0.000406"/>
        <testcase name="test_tabs_block" class="VBPBlocksTest" classname="VBPBlocksTest" file="/home/josu/Local Sites/sitio-prueba/app/public/wp-content/plugins/flavor-platform/tests/unit/VBPBlocksTest.php" line="296" assertions="1" time="0.000550"/>
        <testcase name="test_card_block" class="VBPBlocksTest" classname="VBPBlocksTest" file="/home/josu/Local Sites/sitio-prueba/app/public/wp-content/plugins/flavor-platform/tests/unit/VBPBlocksTest.php" line="323" assertions="1" time="0.000381"/>
        <testcase name="test_feature_card_block" class="VBPBlocksTest" classname="VBPBlocksTest" file="/home/josu/Local Sites/sitio-prueba/app/public/wp-content/plugins/flavor-platform/tests/unit/VBPBlocksTest.php" line="344" assertions="2" time="0.000473"/>
        <testcase name="test_testimonial_block" class="VBPBlocksTest" classname="VBPBlocksTest" file="/home/josu/Local Sites/sitio-prueba/app/public/wp-content/plugins/flavor-platform/tests/unit/VBPBlocksTest.php" line="362" assertions="4" time="0.000552"/>
        <testcase name="test_pricing_table_block" class="VBPBlocksTest" classname="VBPBlocksTest" file="/home/josu/Local Sites/sitio-prueba/app/public/wp-content/plugins/flavor-platform/tests/unit/VBPBlocksTest.php" line="381" assertions="1" time="0.000473"/>
        <testcase name="test_map_block" class="VBPBlocksTest" classname="VBPBlocksTest" file="/home/josu/Local Sites/sitio-prueba/app/public/wp-content/plugins/flavor-platform/tests/unit/VBPBlocksTest.php" line="408" assertions="2" time="0.000357"/>
        <testcase name="test_social_links_block" class="VBPBlocksTest" classname="VBPBlocksTest" file="/home/josu/Local Sites/sitio-prueba/app/public/wp-content/plugins/flavor-platform/tests/unit/VBPBlocksTest.php" line="427" assertions="1" time="0.000411"/>
        <testcase name="test_countdown_block" class="VBPBlocksTest" classname="VBPBlocksTest" file="/home/josu/Local Sites/sitio-prueba/app/public/wp-content/plugins/flavor-platform/tests/unit/VBPBlocksTest.php" line="447" assertions="1" time="0.000402"/>
        <testcase name="test_progress_bar_block" class="VBPBlocksTest" classname="VBPBlocksTest" file="/home/josu/Local Sites/sitio-prueba/app/public/wp-content/plugins/flavor-platform/tests/unit/VBPBlocksTest.php" line="466" assertions="2" time="0.000516"/>
        <testcase name="test_stats_block" class="VBPBlocksTest" classname="VBPBlocksTest" file="/home/josu/Local Sites/sitio-prueba/app/public/wp-content/plugins/flavor-platform/tests/unit/VBPBlocksTest.php" line="484" assertions="1" time="0.000431"/>
        <testcase name="test_known_block_types" class="VBPBlocksTest" classname="VBPBlocksTest" file="/home/josu/Local Sites/sitio-prueba/app/public/wp-content/plugins/flavor-platform/tests/unit/VBPBlocksTest.php" line="504" assertions="3" time="0.000460"/>
        <testcase name="test_block_with_inline_styles" class="VBPBlocksTest" classname="VBPBlocksTest" file="/home/josu/Local Sites/sitio-prueba/app/public/wp-content/plugins/flavor-platform/tests/unit/VBPBlocksTest.php" line="524" assertions="2" time="0.000421"/>
        <testcase name="test_block_with_css_classes" class="VBPBlocksTest" classname="VBPBlocksTest" file="/home/josu/Local Sites/sitio-prueba/app/public/wp-content/plugins/flavor-platform/tests/unit/VBPBlocksTest.php" line="544" assertions="1" time="0.000421"/>
        <testcase name="test_block_responsive_props" class="VBPBlocksTest" classname="VBPBlocksTest" file="/home/josu/Local Sites/sitio-prueba/app/public/wp-content/plugins/flavor-platform/tests/unit/VBPBlocksTest.php" line="563" assertions="2" time="0.000365"/>
      </testsuite>
      <testsuite name="VBPPagesTest" file="/home/josu/Local Sites/sitio-prueba/app/public/wp-content/plugins/flavor-platform/tests/unit/VBPPagesTest.php" tests="25" assertions="54" errors="0" warnings="0" failures="0" skipped="0" time="0.011562">
        <testcase name="test_vbp_page_structure" class="VBPPagesTest" classname="VBPPagesTest" file="/home/josu/Local Sites/sitio-prueba/app/public/wp-content/plugins/flavor-platform/tests/unit/VBPPagesTest.php" line="14" assertions="3" time="0.000476"/>
        <testcase name="test_valid_page_statuses" class="VBPPagesTest" classname="VBPPagesTest" file="/home/josu/Local Sites/sitio-prueba/app/public/wp-content/plugins/flavor-platform/tests/unit/VBPPagesTest.php" line="36" assertions="3" time="0.000474"/>
        <testcase name="test_page_templates" class="VBPPagesTest" classname="VBPPagesTest" file="/home/josu/Local Sites/sitio-prueba/app/public/wp-content/plugins/flavor-platform/tests/unit/VBPPagesTest.php" line="47" assertions="2" time="0.000517"/>
        <testcase name="test_page_with_blocks" class="VBPPagesTest" classname="VBPPagesTest" file="/home/josu/Local Sites/sitio-prueba/app/public/wp-content/plugins/flavor-platform/tests/unit/VBPPagesTest.php" line="64" assertions="2" time="0.000445"/>
        <testcase name="test_page_global_styles" class="VBPPagesTest" classname="VBPPagesTest" file="/home/josu/Local Sites/sitio-prueba/app/public/wp-content/plugins/flavor-platform/tests/unit/VBPPagesTest.php" line="86" assertions="2" time="0.000465"/>
        <testcase name="test_page_seo_settings" class="VBPPagesTest" classname="VBPPagesTest" file="/home/josu/Local Sites/sitio-prueba/app/public/wp-content/plugins/flavor-platform/tests/unit/VBPPagesTest.php" line="113" assertions="3" time="0.000454"/>
        <testcase name="test_page_as_homepage" class="VBPPagesTest" classname="VBPPagesTest" file="/home/josu/Local Sites/sitio-prueba/app/public/wp-content/plugins/flavor-platform/tests/unit/VBPPagesTest.php" line="133" assertions="2" time="0.000452"/>
        <testcase name="test_page_version_history" class="VBPPagesTest" classname="VBPPagesTest" file="/home/josu/Local Sites/sitio-prueba/app/public/wp-content/plugins/flavor-platform/tests/unit/VBPPagesTest.php" line="148" assertions="2" time="0.000495"/>
        <testcase name="test_restore_previous_version" class="VBPPagesTest" classname="VBPPagesTest" file="/home/josu/Local Sites/sitio-prueba/app/public/wp-content/plugins/flavor-platform/tests/unit/VBPPagesTest.php" line="177" assertions="1" time="0.000444"/>
        <testcase name="test_duplicate_page" class="VBPPagesTest" classname="VBPPagesTest" file="/home/josu/Local Sites/sitio-prueba/app/public/wp-content/plugins/flavor-platform/tests/unit/VBPPagesTest.php" line="187" assertions="2" time="0.000509"/>
        <testcase name="test_export_page" class="VBPPagesTest" classname="VBPPagesTest" file="/home/josu/Local Sites/sitio-prueba/app/public/wp-content/plugins/flavor-platform/tests/unit/VBPPagesTest.php" line="209" assertions="2" time="0.000439"/>
        <testcase name="test_import_page" class="VBPPagesTest" classname="VBPPagesTest" file="/home/josu/Local Sites/sitio-prueba/app/public/wp-content/plugins/flavor-platform/tests/unit/VBPPagesTest.php" line="230" assertions="2" time="0.000420"/>
        <testcase name="test_page_with_preset_sections" class="VBPPagesTest" classname="VBPPagesTest" file="/home/josu/Local Sites/sitio-prueba/app/public/wp-content/plugins/flavor-platform/tests/unit/VBPPagesTest.php" line="248" assertions="3" time="0.000446"/>
        <testcase name="test_page_context" class="VBPPagesTest" classname="VBPPagesTest" file="/home/josu/Local Sites/sitio-prueba/app/public/wp-content/plugins/flavor-platform/tests/unit/VBPPagesTest.php" line="270" assertions="2" time="0.000459"/>
        <testcase name="test_page_responsive_settings" class="VBPPagesTest" classname="VBPPagesTest" file="/home/josu/Local Sites/sitio-prueba/app/public/wp-content/plugins/flavor-platform/tests/unit/VBPPagesTest.php" line="286" assertions="2" time="0.000495"/>
        <testcase name="test_page_animations" class="VBPPagesTest" classname="VBPPagesTest" file="/home/josu/Local Sites/sitio-prueba/app/public/wp-content/plugins/flavor-platform/tests/unit/VBPPagesTest.php" line="307" assertions="2" time="0.000455"/>
        <testcase name="test_page_custom_scripts" class="VBPPagesTest" classname="VBPPagesTest" file="/home/josu/Local Sites/sitio-prueba/app/public/wp-content/plugins/flavor-platform/tests/unit/VBPPagesTest.php" line="329" assertions="2" time="0.000563"/>
        <testcase name="test_page_edit_permissions" class="VBPPagesTest" classname="VBPPagesTest" file="/home/josu/Local Sites/sitio-prueba/app/public/wp-content/plugins/flavor-platform/tests/unit/VBPPagesTest.php" line="344" assertions="2" time="0.000453"/>
        <testcase name="test_page_caching" class="VBPPagesTest" classname="VBPPagesTest" file="/home/josu/Local Sites/sitio-prueba/app/public/wp-content/plugins/flavor-platform/tests/unit/VBPPagesTest.php" line="359" assertions="2" time="0.000436"/>
        <testcase name="test_page_lazy_loading" class="VBPPagesTest" classname="VBPPagesTest" file="/home/josu/Local Sites/sitio-prueba/app/public/wp-content/plugins/flavor-platform/tests/unit/VBPPagesTest.php" line="375" assertions="2" time="0.000427"/>
        <testcase name="test_design_presets" class="VBPPagesTest" classname="VBPPagesTest" file="/home/josu/Local Sites/sitio-prueba/app/public/wp-content/plugins/flavor-platform/tests/unit/VBPPagesTest.php" line="391" assertions="2" time="0.000439"/>
        <testcase name="test_page_css_generation" class="VBPPagesTest" classname="VBPPagesTest" file="/home/josu/Local Sites/sitio-prueba/app/public/wp-content/plugins/flavor-platform/tests/unit/VBPPagesTest.php" line="414" assertions="2" time="0.000447"/>
        <testcase name="test_page_validation_before_publish" class="VBPPagesTest" classname="VBPPagesTest" file="/home/josu/Local Sites/sitio-prueba/app/public/wp-content/plugins/flavor-platform/tests/unit/VBPPagesTest.php" line="429" assertions="3" time="0.000478"/>
        <testcase name="test_page_preview" class="VBPPagesTest" classname="VBPPagesTest" file="/home/josu/Local Sites/sitio-prueba/app/public/wp-content/plugins/flavor-platform/tests/unit/VBPPagesTest.php" line="448" assertions="2" time="0.000437"/>
        <testcase name="test_page_ab_testing" class="VBPPagesTest" classname="VBPPagesTest" file="/home/josu/Local Sites/sitio-prueba/app/public/wp-content/plugins/flavor-platform/tests/unit/VBPPagesTest.php" line="464" assertions="2" time="0.000438"/>
      </testsuite>
      <testsuite name="VBPSymbolsTest" file="/home/josu/Local Sites/sitio-prueba/app/public/wp-content/plugins/flavor-platform/tests/unit/VBPSymbolsTest.php" tests="22" assertions="45" errors="0" warnings="0" failures="0" skipped="0" time="0.010276">
        <testcase name="test_symbol_structure" class="VBPSymbolsTest" classname="VBPSymbolsTest" file="/home/josu/Local Sites/sitio-prueba/app/public/wp-content/plugins/flavor-platform/tests/unit/VBPSymbolsTest.php" line="14" assertions="3" time="0.000491"/>
        <testcase name="test_symbol_categories" class="VBPSymbolsTest" classname="VBPSymbolsTest" file="/home/josu/Local Sites/sitio-prueba/app/public/wp-content/plugins/flavor-platform/tests/unit/VBPSymbolsTest.php" line="35" assertions="3" time="0.000463"/>
        <testcase name="test_symbol_with_content" class="VBPSymbolsTest" classname="VBPSymbolsTest" file="/home/josu/Local Sites/sitio-prueba/app/public/wp-content/plugins/flavor-platform/tests/unit/VBPSymbolsTest.php" line="57" assertions="2" time="0.000445"/>
        <testcase name="test_symbol_variants" class="VBPSymbolsTest" classname="VBPSymbolsTest" file="/home/josu/Local Sites/sitio-prueba/app/public/wp-content/plugins/flavor-platform/tests/unit/VBPSymbolsTest.php" line="86" assertions="2" time="0.000428"/>
        <testcase name="test_symbol_instance" class="VBPSymbolsTest" classname="VBPSymbolsTest" file="/home/josu/Local Sites/sitio-prueba/app/public/wp-content/plugins/flavor-platform/tests/unit/VBPSymbolsTest.php" line="113" assertions="3" time="0.000428"/>
        <testcase name="test_symbol_sync" class="VBPSymbolsTest" classname="VBPSymbolsTest" file="/home/josu/Local Sites/sitio-prueba/app/public/wp-content/plugins/flavor-platform/tests/unit/VBPSymbolsTest.php" line="135" assertions="1" time="0.000584"/>
        <testcase name="test_symbol_unlink" class="VBPSymbolsTest" classname="VBPSymbolsTest" file="/home/josu/Local Sites/sitio-prueba/app/public/wp-content/plugins/flavor-platform/tests/unit/VBPSymbolsTest.php" line="152" assertions="2" time="0.000424"/>
        <testcase name="test_export_symbol" class="VBPSymbolsTest" classname="VBPSymbolsTest" file="/home/josu/Local Sites/sitio-prueba/app/public/wp-content/plugins/flavor-platform/tests/unit/VBPSymbolsTest.php" line="167" assertions="2" time="0.000435"/>
        <testcase name="test_import_symbol" class="VBPSymbolsTest" classname="VBPSymbolsTest" file="/home/josu/Local Sites/sitio-prueba/app/public/wp-content/plugins/flavor-platform/tests/unit/VBPSymbolsTest.php" line="186" assertions="2" time="0.000435"/>
        <testcase name="test_symbol_library" class="VBPSymbolsTest" classname="VBPSymbolsTest" file="/home/josu/Local Sites/sitio-prueba/app/public/wp-content/plugins/flavor-platform/tests/unit/VBPSymbolsTest.php" line="201" assertions="2" time="0.000429"/>
        <testcase name="test_search_symbols" class="VBPSymbolsTest" classname="VBPSymbolsTest" file="/home/josu/Local Sites/sitio-prueba/app/public/wp-content/plugins/flavor-platform/tests/unit/VBPSymbolsTest.php" line="220" assertions="2" time="0.000422"/>
        <testcase name="test_symbol_scope" class="VBPSymbolsTest" classname="VBPSymbolsTest" file="/home/josu/Local Sites/sitio-prueba/app/public/wp-content/plugins/flavor-platform/tests/unit/VBPSymbolsTest.php" line="239" assertions="2" time="0.000411"/>
        <testcase name="test_symbol_permissions" class="VBPSymbolsTest" classname="VBPSymbolsTest" file="/home/josu/Local Sites/sitio-prueba/app/public/wp-content/plugins/flavor-platform/tests/unit/VBPSymbolsTest.php" line="261" assertions="2" time="0.000440"/>
        <testcase name="test_symbol_history" class="VBPSymbolsTest" classname="VBPSymbolsTest" file="/home/josu/Local Sites/sitio-prueba/app/public/wp-content/plugins/flavor-platform/tests/unit/VBPSymbolsTest.php" line="276" assertions="2" time="0.000439"/>
        <testcase name="test_symbol_validation" class="VBPSymbolsTest" classname="VBPSymbolsTest" file="/home/josu/Local Sites/sitio-prueba/app/public/wp-content/plugins/flavor-platform/tests/unit/VBPSymbolsTest.php" line="301" assertions="2" time="0.000583"/>
        <testcase name="test_symbol_with_slots" class="VBPSymbolsTest" classname="VBPSymbolsTest" file="/home/josu/Local Sites/sitio-prueba/app/public/wp-content/plugins/flavor-platform/tests/unit/VBPSymbolsTest.php" line="317" assertions="1" time="0.000485"/>
        <testcase name="test_dynamic_symbol" class="VBPSymbolsTest" classname="VBPSymbolsTest" file="/home/josu/Local Sites/sitio-prueba/app/public/wp-content/plugins/flavor-platform/tests/unit/VBPSymbolsTest.php" line="337" assertions="2" time="0.000470"/>
        <testcase name="test_symbol_caching" class="VBPSymbolsTest" classname="VBPSymbolsTest" file="/home/josu/Local Sites/sitio-prueba/app/public/wp-content/plugins/flavor-platform/tests/unit/VBPSymbolsTest.php" line="354" assertions="2" time="0.000629"/>
        <testcase name="test_symbol_sharing" class="VBPSymbolsTest" classname="VBPSymbolsTest" file="/home/josu/Local Sites/sitio-prueba/app/public/wp-content/plugins/flavor-platform/tests/unit/VBPSymbolsTest.php" line="369" assertions="2" time="0.000450"/>
        <testcase name="test_convert_blocks_to_symbol" class="VBPSymbolsTest" classname="VBPSymbolsTest" file="/home/josu/Local Sites/sitio-prueba/app/public/wp-content/plugins/flavor-platform/tests/unit/VBPSymbolsTest.php" line="384" assertions="2" time="0.000430"/>
        <testcase name="test_duplicate_symbol" class="VBPSymbolsTest" classname="VBPSymbolsTest" file="/home/josu/Local Sites/sitio-prueba/app/public/wp-content/plugins/flavor-platform/tests/unit/VBPSymbolsTest.php" line="406" assertions="2" time="0.000506"/>
        <testcase name="test_symbol_responsive" class="VBPSymbolsTest" classname="VBPSymbolsTest" file="/home/josu/Local Sites/sitio-prueba/app/public/wp-content/plugins/flavor-platform/tests/unit/VBPSymbolsTest.php" line="417" assertions="2" time="0.000450"/>
      </testsuite>
      <testsuite name="VbpAutomationTest" file="/home/josu/Local Sites/sitio-prueba/app/public/wp-content/plugins/flavor-platform/tests/unit/VbpAutomationTest.php" tests="7" assertions="9" errors="0" warnings="0" failures="0" skipped="0" time="0.003315">
        <testcase name="test_flavor_check_vbp_automation_access_with_valid_key_and_scope" class="VbpAutomationTest" classname="VbpAutomationTest" file="/home/josu/Local Sites/sitio-prueba/app/public/wp-content/plugins/flavor-platform/tests/unit/VbpAutomationTest.php" line="19" assertions="1" time="0.000449"/>
        <testcase name="test_flavor_check_vbp_automation_access_rejects_invalid_key" class="VbpAutomationTest" classname="VbpAutomationTest" file="/home/josu/Local Sites/sitio-prueba/app/public/wp-content/plugins/flavor-platform/tests/unit/VbpAutomationTest.php" line="33" assertions="1" time="0.000405"/>
        <testcase name="test_flavor_check_vbp_automation_access_rejects_empty_key" class="VbpAutomationTest" classname="VbpAutomationTest" file="/home/josu/Local Sites/sitio-prueba/app/public/wp-content/plugins/flavor-platform/tests/unit/VbpAutomationTest.php" line="39" assertions="1" time="0.000356"/>
        <testcase name="test_flavor_vbp_automation_enabled_with_scope" class="VbpAutomationTest" classname="VbpAutomationTest" file="/home/josu/Local Sites/sitio-prueba/app/public/wp-content/plugins/flavor-platform/tests/unit/VbpAutomationTest.php" line="45" assertions="1" time="0.000421"/>
        <testcase name="test_flavor_vbp_automation_enabled_with_invalid_scope" class="VbpAutomationTest" classname="VbpAutomationTest" file="/home/josu/Local Sites/sitio-prueba/app/public/wp-content/plugins/flavor-platform/tests/unit/VbpAutomationTest.php" line="51" assertions="1" time="0.000437"/>
        <testcase name="test_flavor_regenerate_vbp_api_key_returns_string" class="VbpAutomationTest" classname="VbpAutomationTest" file="/home/josu/Local Sites/sitio-prueba/app/public/wp-content/plugins/flavor-platform/tests/unit/VbpAutomationTest.php" line="57" assertions="3" time="0.000542"/>
        <testcase name="test_flavor_regenerate_vbp_api_key_creates_unique_keys" class="VbpAutomationTest" classname="VbpAutomationTest" file="/home/josu/Local Sites/sitio-prueba/app/public/wp-content/plugins/flavor-platform/tests/unit/VbpAutomationTest.php" line="71" assertions="1" time="0.000705"/>
      </testsuite>
    </testsuite>
  </testsuite>
</testsuites>
